GCASM List File (GCBASIC 0.94 2015-10-27)

Symbols:
-X 	EQU 	30
-Y 	EQU 	26
-Z 	EQU 	18
ACBG 	EQU 	6
ACD 	EQU 	7
ACI 	EQU 	4
ACIC 	EQU 	2
ACIE 	EQU 	3
ACIS0 	EQU 	0
ACIS1 	EQU 	1
ACME 	EQU 	6
ACO 	EQU 	5
ACSR 	EQU 	48
ADATE 	EQU 	5
ADC0D 	EQU 	0
ADC1D 	EQU 	1
ADC2D 	EQU 	2
ADC3D 	EQU 	3
ADC4D 	EQU 	4
ADC5D 	EQU 	5
ADCH 	EQU 	121
ADCH0 	EQU 	0
ADCH1 	EQU 	1
ADCH2 	EQU 	2
ADCH3 	EQU 	3
ADCH4 	EQU 	4
ADCH5 	EQU 	5
ADCH6 	EQU 	6
ADCH7 	EQU 	7
ADCL 	EQU 	120
ADCL0 	EQU 	0
ADCL1 	EQU 	1
ADCL2 	EQU 	2
ADCL3 	EQU 	3
ADCL4 	EQU 	4
ADCL5 	EQU 	5
ADCL6 	EQU 	6
ADCL7 	EQU 	7
ADCSRA 	EQU 	122
ADCSRB 	EQU 	123
ADEN 	EQU 	7
ADIE 	EQU 	3
ADIF 	EQU 	4
ADLAR 	EQU 	5
ADMUX 	EQU 	124
ADPS0 	EQU 	0
ADPS1 	EQU 	1
ADPS2 	EQU 	2
ADSC 	EQU 	6
ADTS0 	EQU 	0
ADTS1 	EQU 	1
ADTS2 	EQU 	2
AIN0D 	EQU 	0
AIN1D 	EQU 	1
AS2 	EQU 	5
ASSR 	EQU 	182
BASPROGRAMEND 	EQU 	101
BASPROGRAMSTART 	EQU 	53
BLBSET 	EQU 	3
BODS 	EQU 	6
BODSE 	EQU 	5
BORF 	EQU 	2
C 	EQU 	0
CAL0 	EQU 	0
CAL1 	EQU 	1
CAL2 	EQU 	2
CAL3 	EQU 	3
CAL4 	EQU 	4
CAL5 	EQU 	5
CAL6 	EQU 	6
CAL7 	EQU 	7
CLKPCE 	EQU 	7
CLKPR 	EQU 	97
CLKPS0 	EQU 	0
CLKPS1 	EQU 	1
CLKPS2 	EQU 	2
CLKPS3 	EQU 	3
COM0A0 	EQU 	6
COM0A1 	EQU 	7
COM0B0 	EQU 	4
COM0B1 	EQU 	5
COM1A0 	EQU 	6
COM1A1 	EQU 	7
COM1B0 	EQU 	4
COM1B1 	EQU 	5
COM2A0 	EQU 	6
COM2A1 	EQU 	7
COM2B0 	EQU 	4
COM2B1 	EQU 	5
CPHA 	EQU 	2
CPOL 	EQU 	3
CS00 	EQU 	0
CS01 	EQU 	1
CS02 	EQU 	2
CS10 	EQU 	0
CS11 	EQU 	1
CS12 	EQU 	2
CS20 	EQU 	0
CS21 	EQU 	1
CS22 	EQU 	2
DDB0 	EQU 	0
DDB1 	EQU 	1
DDB2 	EQU 	2
DDB3 	EQU 	3
DDB4 	EQU 	4
DDB5 	EQU 	5
DDB6 	EQU 	6
DDB7 	EQU 	7
DDC0 	EQU 	0
DDC1 	EQU 	1
DDC2 	EQU 	2
DDC3 	EQU 	3
DDC4 	EQU 	4
DDC5 	EQU 	5
DDC6 	EQU 	6
DDD0 	EQU 	0
DDD1 	EQU 	1
DDD2 	EQU 	2
DDD3 	EQU 	3
DDD4 	EQU 	4
DDD5 	EQU 	5
DDD6 	EQU 	6
DDD7 	EQU 	7
DDRB 	EQU 	4
DDRC 	EQU 	7
DDRD 	EQU 	10
DELAYTEMP 	EQU 	r25
DELAYTEMP2 	EQU 	r26
DELAY_MS 	EQU 	103
DELAY_S 	EQU 	115
DIDR0 	EQU 	126
DIDR1 	EQU 	127
DMS_INNER 	EQU 	106
DMS_OUTER 	EQU 	105
DMS_START 	EQU 	104
DOR0 	EQU 	3
DORD 	EQU 	5
DS_START 	EQU 	115
EEAR0 	EQU 	0
EEAR1 	EQU 	1
EEAR2 	EQU 	2
EEAR3 	EQU 	3
EEAR4 	EQU 	4
EEAR5 	EQU 	5
EEAR6 	EQU 	6
EEAR7 	EQU 	7
EEAR8 	EQU 	0
EEAR9 	EQU 	1
EEARH 	EQU 	34
EEARL 	EQU 	33
EECR 	EQU 	31
EEDR 	EQU 	32
EEDR0 	EQU 	0
EEDR1 	EQU 	1
EEDR2 	EQU 	2
EEDR3 	EQU 	3
EEDR4 	EQU 	4
EEDR5 	EQU 	5
EEDR6 	EQU 	6
EEDR7 	EQU 	7
EEMPE 	EQU 	2
EEPE 	EQU 	1
EEPM0 	EQU 	4
EEPM1 	EQU 	5
EERE 	EQU 	0
EERIE 	EQU 	3
EICRA 	EQU 	105
EIFR 	EQU 	28
EIMSK 	EQU 	29
ELSE3_1 	EQU 	171
ENDIF3 	EQU 	172
ENDIF4 	EQU 	184
ENDIF5 	EQU 	197
ENDIF6 	EQU 	211
ENDIF7 	EQU 	225
ENDIF8 	EQU 	158
EXCLK 	EQU 	6
EXTRF 	EQU 	1
FE0 	EQU 	4
FOC0A 	EQU 	7
FOC0B 	EQU 	6
FOC1A 	EQU 	7
FOC1B 	EQU 	6
FOC2A 	EQU 	7
FOC2B 	EQU 	6
GPIOR0 	EQU 	30
GPIOR00 	EQU 	0
GPIOR01 	EQU 	1
GPIOR02 	EQU 	2
GPIOR03 	EQU 	3
GPIOR04 	EQU 	4
GPIOR05 	EQU 	5
GPIOR06 	EQU 	6
GPIOR07 	EQU 	7
GPIOR1 	EQU 	42
GPIOR10 	EQU 	0
GPIOR11 	EQU 	1
GPIOR12 	EQU 	2
GPIOR13 	EQU 	3
GPIOR14 	EQU 	4
GPIOR15 	EQU 	5
GPIOR16 	EQU 	6
GPIOR17 	EQU 	7
GPIOR2 	EQU 	43
GPIOR20 	EQU 	0
GPIOR21 	EQU 	1
GPIOR22 	EQU 	2
GPIOR23 	EQU 	3
GPIOR24 	EQU 	4
GPIOR25 	EQU 	5
GPIOR26 	EQU 	6
GPIOR27 	EQU 	7
GTCCR 	EQU 	35
H 	EQU 	5
I 	EQU 	7
ICES1 	EQU 	6
ICF1 	EQU 	5
ICIE1 	EQU 	5
ICNC1 	EQU 	7
ICR1H 	EQU 	135
ICR1H0 	EQU 	0
ICR1H1 	EQU 	1
ICR1H2 	EQU 	2
ICR1H3 	EQU 	3
ICR1H4 	EQU 	4
ICR1H5 	EQU 	5
ICR1H6 	EQU 	6
ICR1H7 	EQU 	7
ICR1L 	EQU 	134
ICR1L0 	EQU 	0
ICR1L1 	EQU 	1
ICR1L2 	EQU 	2
ICR1L3 	EQU 	3
ICR1L4 	EQU 	4
ICR1L5 	EQU 	5
ICR1L6 	EQU 	6
ICR1L7 	EQU 	7
INITLEDCONTROL 	EQU 	121
INITSYS 	EQU 	144
INITTIMER2 	EQU 	151
INT0 	EQU 	0
INT1 	EQU 	1
INTF0 	EQU 	0
INTF1 	EQU 	1
INTTIMER2_OVF 	EQU 	159
ISC00 	EQU 	0
ISC01 	EQU 	1
ISC10 	EQU 	2
ISC11 	EQU 	3
IVCE 	EQU 	0
IVSEL 	EQU 	1
LEDSPEED 	EQU 	256
MCUCR 	EQU 	53
MCUSR 	EQU 	52
MPCM0 	EQU 	0
MSTR 	EQU 	4
MUX0 	EQU 	0
MUX1 	EQU 	1
MUX2 	EQU 	2
MUX3 	EQU 	3
N 	EQU 	2
OCF0A 	EQU 	1
OCF0B 	EQU 	2
OCF1A 	EQU 	1
OCF1B 	EQU 	2
OCF2A 	EQU 	1
OCF2B 	EQU 	2
OCIE0A 	EQU 	1
OCIE0B 	EQU 	2
OCIE1A 	EQU 	1
OCIE1B 	EQU 	2
OCIE2A 	EQU 	1
OCIE2B 	EQU 	2
OCR0A 	EQU 	39
OCR0B 	EQU 	40
OCR0B_0 	EQU 	0
OCR0B_1 	EQU 	1
OCR0B_2 	EQU 	2
OCR0B_3 	EQU 	3
OCR0B_4 	EQU 	4
OCR0B_5 	EQU 	5
OCR0B_6 	EQU 	6
OCR0B_7 	EQU 	7
OCR1AH 	EQU 	137
OCR1AH0 	EQU 	0
OCR1AH1 	EQU 	1
OCR1AH2 	EQU 	2
OCR1AH3 	EQU 	3
OCR1AH4 	EQU 	4
OCR1AH5 	EQU 	5
OCR1AH6 	EQU 	6
OCR1AH7 	EQU 	7
OCR1AL 	EQU 	136
OCR1AL0 	EQU 	0
OCR1AL1 	EQU 	1
OCR1AL2 	EQU 	2
OCR1AL3 	EQU 	3
OCR1AL4 	EQU 	4
OCR1AL5 	EQU 	5
OCR1AL6 	EQU 	6
OCR1AL7 	EQU 	7
OCR1BH 	EQU 	139
OCR1BH0 	EQU 	0
OCR1BH1 	EQU 	1
OCR1BH2 	EQU 	2
OCR1BH3 	EQU 	3
OCR1BH4 	EQU 	4
OCR1BH5 	EQU 	5
OCR1BH6 	EQU 	6
OCR1BH7 	EQU 	7
OCR1BL 	EQU 	138
OCR1BL0 	EQU 	0
OCR1BL1 	EQU 	1
OCR1BL2 	EQU 	2
OCR1BL3 	EQU 	3
OCR1BL4 	EQU 	4
OCR1BL5 	EQU 	5
OCR1BL6 	EQU 	6
OCR1BL7 	EQU 	7
OCR2A 	EQU 	179
OCR2AUB 	EQU 	3
OCR2A_0 	EQU 	0
OCR2A_1 	EQU 	1
OCR2A_2 	EQU 	2
OCR2A_3 	EQU 	3
OCR2A_4 	EQU 	4
OCR2A_5 	EQU 	5
OCR2A_6 	EQU 	6
OCR2A_7 	EQU 	7
OCR2B 	EQU 	180
OCR2BUB 	EQU 	2
OCR2B_0 	EQU 	0
OCR2B_1 	EQU 	1
OCR2B_2 	EQU 	2
OCR2B_3 	EQU 	3
OCR2B_4 	EQU 	4
OCR2B_5 	EQU 	5
OCR2B_6 	EQU 	6
OCR2B_7 	EQU 	7
OCROA_0 	EQU 	0
OCROA_1 	EQU 	1
OCROA_2 	EQU 	2
OCROA_3 	EQU 	3
OCROA_4 	EQU 	4
OCROA_5 	EQU 	5
OCROA_6 	EQU 	6
OCROA_7 	EQU 	7
OSCCAL 	EQU 	102
PCICR 	EQU 	104
PCIE0 	EQU 	0
PCIE1 	EQU 	1
PCIE2 	EQU 	2
PCIF0 	EQU 	0
PCIF1 	EQU 	1
PCIF2 	EQU 	2
PCIFR 	EQU 	27
PCINT0 	EQU 	0
PCINT1 	EQU 	1
PCINT10 	EQU 	2
PCINT11 	EQU 	3
PCINT12 	EQU 	4
PCINT13 	EQU 	5
PCINT14 	EQU 	6
PCINT16 	EQU 	0
PCINT17 	EQU 	1
PCINT18 	EQU 	2
PCINT19 	EQU 	3
PCINT2 	EQU 	2
PCINT20 	EQU 	4
PCINT21 	EQU 	5
PCINT22 	EQU 	6
PCINT23 	EQU 	7
PCINT3 	EQU 	3
PCINT4 	EQU 	4
PCINT5 	EQU 	5
PCINT6 	EQU 	6
PCINT7 	EQU 	7
PCINT8 	EQU 	0
PCINT9 	EQU 	1
PCMSK0 	EQU 	107
PCMSK1 	EQU 	108
PCMSK2 	EQU 	109
PGERS 	EQU 	1
PGWRT 	EQU 	2
PINB 	EQU 	3
PINB0 	EQU 	0
PINB1 	EQU 	1
PINB2 	EQU 	2
PINB3 	EQU 	3
PINB4 	EQU 	4
PINB5 	EQU 	5
PINB6 	EQU 	6
PINB7 	EQU 	7
PINC 	EQU 	6
PINC0 	EQU 	0
PINC1 	EQU 	1
PINC2 	EQU 	2
PINC3 	EQU 	3
PINC4 	EQU 	4
PINC5 	EQU 	5
PINC6 	EQU 	6
PIND 	EQU 	9
PIND0 	EQU 	0
PIND1 	EQU 	1
PIND2 	EQU 	2
PIND3 	EQU 	3
PIND4 	EQU 	4
PIND5 	EQU 	5
PIND6 	EQU 	6
PIND7 	EQU 	7
PORF 	EQU 	0
PORTB 	EQU 	5
PORTB0 	EQU 	0
PORTB1 	EQU 	1
PORTB2 	EQU 	2
PORTB3 	EQU 	3
PORTB4 	EQU 	4
PORTB5 	EQU 	5
PORTB6 	EQU 	6
PORTB7 	EQU 	7
PORTC 	EQU 	8
PORTC0 	EQU 	0
PORTC1 	EQU 	1
PORTC2 	EQU 	2
PORTC3 	EQU 	3
PORTC4 	EQU 	4
PORTC5 	EQU 	5
PORTC6 	EQU 	6
PORTD 	EQU 	11
PORTD0 	EQU 	0
PORTD1 	EQU 	1
PORTD2 	EQU 	2
PORTD3 	EQU 	3
PORTD4 	EQU 	4
PORTD5 	EQU 	5
PORTD6 	EQU 	6
PORTD7 	EQU 	7
PRADC 	EQU 	0
PRR 	EQU 	100
PRSPI 	EQU 	2
PRTIM0 	EQU 	5
PRTIM1 	EQU 	3
PRTIM2 	EQU 	6
PRTWI 	EQU 	7
PRUSART0 	EQU 	1
PSRASY 	EQU 	1
PSRSYNC 	EQU 	0
PUD 	EQU 	4
PWMCOUNTER 	EQU 	257
PWMHANDLER 	EQU 	163
RAMEND 	EQU 	2303
REFS0 	EQU 	6
REFS1 	EQU 	7
RWWSB 	EQU 	6
RWWSRE 	EQU 	4
RXB80 	EQU 	1
RXC0 	EQU 	7
RXCIE0 	EQU 	7
RXEN0 	EQU 	4
S 	EQU 	4
SAVESREG 	EQU 	258
SAVESYSCALCTEMPA 	EQU 	259
SAVESYSCALCTEMPB 	EQU 	260
SAVESYSTEMP1 	EQU 	261
SAVESYSVALUECOPY 	EQU 	262
SE 	EQU 	0
SELFPRGEN 	EQU 	0
SM0 	EQU 	1
SM1 	EQU 	2
SM2 	EQU 	3
SMCR 	EQU 	51
SP0 	EQU 	0
SP1 	EQU 	1
SP10 	EQU 	2
SP11 	EQU 	3
SP2 	EQU 	2
SP3 	EQU 	3
SP4 	EQU 	4
SP5 	EQU 	5
SP6 	EQU 	6
SP7 	EQU 	7
SP8 	EQU 	0
SP9 	EQU 	1
SPCR 	EQU 	44
SPDR 	EQU 	46
SPDR0 	EQU 	0
SPDR1 	EQU 	1
SPDR2 	EQU 	2
SPDR3 	EQU 	3
SPDR4 	EQU 	4
SPDR5 	EQU 	5
SPDR6 	EQU 	6
SPDR7 	EQU 	7
SPE 	EQU 	6
SPH 	EQU 	62
SPI2X 	EQU 	0
SPIE 	EQU 	7
SPIF 	EQU 	7
SPL 	EQU 	61
SPMCSR 	EQU 	55
SPMIE 	EQU 	7
SPR0 	EQU 	0
SPR1 	EQU 	1
SPSR 	EQU 	45
SREG 	EQU 	63
STARTTIMER 	EQU 	185
SYSDOLOOP_E1 	EQU 	100
SYSDOLOOP_S1 	EQU 	64
SYSFORLOOP1 	EQU 	67
SYSFORLOOP2 	EQU 	84
SYSFORLOOPEND1 	EQU 	79
SYSFORLOOPEND2 	EQU 	97
SYSINTCONTEXTRESTORE 	EQU 	226
SYSINTCONTEXTSAVE 	EQU 	241
SYSINTOFFCOUNT 	EQU 	263
SysCalcTempA 	EQU 	r22
SysCalcTempB 	EQU 	r28
SysTemp1 	EQU 	r0
SysTemp2 	EQU 	r16
SysTemp3 	EQU 	r1
SysValueCopy 	EQU 	r21
SysWaitTempMS 	EQU 	r29
SysWaitTempMS_H 	EQU 	r30
SysWaitTempS 	EQU 	r31
T 	EQU 	6
TCCR0A 	EQU 	36
TCCR0B 	EQU 	37
TCCR1A 	EQU 	128
TCCR1B 	EQU 	129
TCCR1C 	EQU 	130
TCCR2A 	EQU 	176
TCCR2B 	EQU 	177
TCN2UB 	EQU 	4
TCNT0 	EQU 	38
TCNT0_0 	EQU 	0
TCNT0_1 	EQU 	1
TCNT0_2 	EQU 	2
TCNT0_3 	EQU 	3
TCNT0_4 	EQU 	4
TCNT0_5 	EQU 	5
TCNT0_6 	EQU 	6
TCNT0_7 	EQU 	7
TCNT1H 	EQU 	133
TCNT1H0 	EQU 	0
TCNT1H1 	EQU 	1
TCNT1H2 	EQU 	2
TCNT1H3 	EQU 	3
TCNT1H4 	EQU 	4
TCNT1H5 	EQU 	5
TCNT1H6 	EQU 	6
TCNT1H7 	EQU 	7
TCNT1L 	EQU 	132
TCNT1L0 	EQU 	0
TCNT1L1 	EQU 	1
TCNT1L2 	EQU 	2
TCNT1L3 	EQU 	3
TCNT1L4 	EQU 	4
TCNT1L5 	EQU 	5
TCNT1L6 	EQU 	6
TCNT1L7 	EQU 	7
TCNT2 	EQU 	178
TCNT2_0 	EQU 	0
TCNT2_1 	EQU 	1
TCNT2_2 	EQU 	2
TCNT2_3 	EQU 	3
TCNT2_4 	EQU 	4
TCNT2_5 	EQU 	5
TCNT2_6 	EQU 	6
TCNT2_7 	EQU 	7
TCR2AUB 	EQU 	1
TCR2BUB 	EQU 	0
TIFR0 	EQU 	21
TIFR1 	EQU 	22
TIFR2 	EQU 	23
TIMSK0 	EQU 	110
TIMSK1 	EQU 	111
TIMSK2 	EQU 	112
TMR0PRES 	EQU 	264
TMR1PRES 	EQU 	265
TMR2POST 	EQU 	266
TMR2PRES 	EQU 	267
TMRNUMBER 	EQU 	268
TOIE0 	EQU 	0
TOIE1 	EQU 	0
TOIE2 	EQU 	0
TOV0 	EQU 	0
TOV1 	EQU 	0
TOV2 	EQU 	0
TSM 	EQU 	7
TWA0 	EQU 	1
TWA1 	EQU 	2
TWA2 	EQU 	3
TWA3 	EQU 	4
TWA4 	EQU 	5
TWA5 	EQU 	6
TWA6 	EQU 	7
TWAM0 	EQU 	1
TWAM1 	EQU 	2
TWAM2 	EQU 	3
TWAM3 	EQU 	4
TWAM4 	EQU 	5
TWAM5 	EQU 	6
TWAM6 	EQU 	7
TWAMR 	EQU 	189
TWAR 	EQU 	186
TWBR 	EQU 	184
TWBR0 	EQU 	0
TWBR1 	EQU 	1
TWBR2 	EQU 	2
TWBR3 	EQU 	3
TWBR4 	EQU 	4
TWBR5 	EQU 	5
TWBR6 	EQU 	6
TWBR7 	EQU 	7
TWCR 	EQU 	188
TWD0 	EQU 	0
TWD1 	EQU 	1
TWD2 	EQU 	2
TWD3 	EQU 	3
TWD4 	EQU 	4
TWD5 	EQU 	5
TWD6 	EQU 	6
TWD7 	EQU 	7
TWDR 	EQU 	187
TWEA 	EQU 	6
TWEN 	EQU 	2
TWGCE 	EQU 	0
TWIE 	EQU 	0
TWINT 	EQU 	7
TWPS0 	EQU 	0
TWPS1 	EQU 	1
TWS3 	EQU 	3
TWS4 	EQU 	4
TWS5 	EQU 	5
TWS6 	EQU 	6
TWS7 	EQU 	7
TWSR 	EQU 	185
TWSTA 	EQU 	5
TWSTO 	EQU 	4
TWWC 	EQU 	3
TXB80 	EQU 	0
TXC0 	EQU 	6
TXCIE0 	EQU 	6
TXEN0 	EQU 	3
U2X0 	EQU 	1
UBRR0 	EQU 	0
UBRR0H 	EQU 	197
UBRR0L 	EQU 	196
UBRR1 	EQU 	1
UBRR10 	EQU 	2
UBRR11 	EQU 	3
UBRR2 	EQU 	2
UBRR3 	EQU 	3
UBRR4 	EQU 	4
UBRR5 	EQU 	5
UBRR6 	EQU 	6
UBRR7 	EQU 	7
UBRR8 	EQU 	0
UBRR9 	EQU 	1
UCPOL0 	EQU 	0
UCSR0A 	EQU 	192
UCSR0B 	EQU 	193
UCSR0C 	EQU 	194
UCSZ00 	EQU 	1
UCSZ01 	EQU 	2
UCSZ02 	EQU 	2
UDR0 	EQU 	198
UDR0-0 	EQU 	0
UDR0-1 	EQU 	1
UDR0-2 	EQU 	2
UDR0-3 	EQU 	3
UDR0-4 	EQU 	4
UDR0-5 	EQU 	5
UDR0-6 	EQU 	6
UDR0-7 	EQU 	7
UDRE0 	EQU 	5
UDRIE0 	EQU 	5
UMSEL00 	EQU 	6
UMSEL01 	EQU 	7
UPE0 	EQU 	2
UPM00 	EQU 	4
UPM01 	EQU 	5
USBS0 	EQU 	3
V 	EQU 	3
WCOL 	EQU 	6
WDCE 	EQU 	4
WDE 	EQU 	3
WDIE 	EQU 	6
WDIF 	EQU 	7
WDP0 	EQU 	0
WDP1 	EQU 	1
WDP2 	EQU 	2
WDP3 	EQU 	5
WDRF 	EQU 	3
WDTCSR 	EQU 	96
WGM00 	EQU 	0
WGM01 	EQU 	1
WGM02 	EQU 	3
WGM10 	EQU 	0
WGM11 	EQU 	1
WGM12 	EQU 	3
WGM13 	EQU 	4
WGM20 	EQU 	0
WGM21 	EQU 	1
WGM22 	EQU 	3
X 	EQU 	28
X+ 	EQU 	29
Y 	EQU 	8
Y+ 	EQU 	25
Z 	EQU 	1
Z+ 	EQU 	17
rZ 	EQU 	0

Code:
Loc	Obj Code	Original Assembly
000000	0000	NOP
000001	C033	RJMP BASPROGRAMSTART
000002	0000	NOP
000003	9518	RETI
000004	0000	NOP
000005	9518	RETI
000006	0000	NOP
000007	9518	RETI
000008	0000	NOP
000009	9518	RETI
00000A	0000	NOP
00000B	9518	RETI
00000C	0000	NOP
00000D	9518	RETI
00000E	0000	NOP
00000F	9518	RETI
000010	0000	NOP
000011	9518	RETI
000012	0000	NOP
000013	C08B	RJMP INTTIMER2_OVF
000014	0000	NOP
000015	9518	RETI
000016	0000	NOP
000017	9518	RETI
000018	0000	NOP
000019	9518	RETI
00001A	0000	NOP
00001B	9518	RETI
00001C	0000	NOP
00001D	9518	RETI
00001E	0000	NOP
00001F	9518	RETI
000020	0000	NOP
000021	9518	RETI
000022	0000	NOP
000023	9518	RETI
000024	0000	NOP
000025	9518	RETI
000026	0000	NOP
000027	9518	RETI
000028	0000	NOP
000029	9518	RETI
00002A	0000	NOP
00002B	9518	RETI
00002C	0000	NOP
00002D	9518	RETI
00002E	0000	NOP
00002F	9518	RETI
000030	0000	NOP
000031	9518	RETI
000032	0000	NOP
000033	9518	RETI


000034	0000	NOP
		BASPROGRAMSTART
000035	E058	LDI SYSVALUECOPY,HIGH(RAMEND)
000036	BF5E	OUT SPH, SYSVALUECOPY
000037	EF5F	LDI SYSVALUECOPY,LOW(RAMEND)
000038	BF5D	OUT SPL, SYSVALUECOPY
000039	D056	RCALL INITSYS
00003A	2755	CLR SYSVALUECOPY
00003B	9350 0107	STS SYSINTOFFCOUNT,SYSVALUECOPY
00003D	9478	SEI

00003E	9A25	SBI DDRB,5
00003F	D039	RCALL INITLEDCONTROL
		SYSDOLOOP_S1
000040	EF5F	LDI SYSVALUECOPY,255
000041	9350 0100	STS LEDSPEED,SYSVALUECOPY
		SYSFORLOOP1
000043	9000 0100	LDS SYSTEMP1,LEDSPEED
000045	9403	INC SYSTEMP1
000046	9200 0100	STS LEDSPEED,SYSTEMP1
000048	E1D9	LDI SYSWAITTEMPMS,25
000049	E0E0	LDI SYSWAITTEMPMS_H,0
00004A	D01C	RCALL DELAY_MS
00004B	9160 0100	LDS SYSCALCTEMPA,LEDSPEED
00004D	3664	CPI SYSCALCTEMPA,100
00004E	F3A0	BRLO SYSFORLOOP1
		SYSFORLOOPEND1
00004F	E0F1	LDI SYSWAITTEMPS,1
000050	D022	RCALL DELAY_S
000051	E655	LDI SYSVALUECOPY,101
000052	9350 0100	STS LEDSPEED,SYSVALUECOPY
		SYSFORLOOP2
000054	9000 0100	LDS SYSTEMP1,LEDSPEED
000056	940A	DEC SYSTEMP1
000057	9200 0100	STS LEDSPEED,SYSTEMP1
000059	E1D9	LDI SYSWAITTEMPMS,25
00005A	E0E0	LDI SYSWAITTEMPMS_H,0
00005B	D00B	RCALL DELAY_MS
00005C	E060	LDI SYSCALCTEMPA,0
00005D	91C0 0100	LDS SYSCALCTEMPB,LEDSPEED
00005F	176C	CP SYSCALCTEMPA,SYSCALCTEMPB
000060	F398	BRLO SYSFORLOOP2
		SYSFORLOOPEND2
000061	E0F1	LDI SYSWAITTEMPS,1
000062	D010	RCALL DELAY_S
000063	CFDC	RJMP SYSDOLOOP_S1
		SYSDOLOOP_E1
000064	C000	RJMP BASPROGRAMEND
		BASPROGRAMEND
000065	9588	SLEEP
000066	CFFE	RJMP BASPROGRAMEND


		DELAY_MS
000067	95E3	INC SYSWAITTEMPMS_H
		DMS_START
000068	EFAE	LDI DELAYTEMP2,254
		DMS_OUTER
000069	E194	LDI DELAYTEMP,20
		DMS_INNER
00006A	959A	DEC DELAYTEMP
00006B	F7F1	BRNE DMS_INNER
00006C	95AA	DEC DELAYTEMP2
00006D	F7D9	BRNE DMS_OUTER
00006E	95DA	DEC SYSWAITTEMPMS
00006F	F7C1	BRNE DMS_START
000070	95EA	DEC SYSWAITTEMPMS_H
000071	F7B1	BRNE DMS_START
000072	9508	RET


		DELAY_S
		DS_START
000073	EED8	LDI SYSWAITTEMPMS,232
000074	E0E3	LDI SYSWAITTEMPMS_H,3
000075	DFF1	RCALL DELAY_MS
000076	95FA	DEC SYSWAITTEMPS
000077	F7D9	BRNE DS_START
000078	9508	RET


		INITLEDCONTROL
000079	982D	CBI PORTB,5
00007A	E050	LDI SYSVALUECOPY,0
00007B	9350 0100	STS LEDSPEED,SYSVALUECOPY
00007D	E050	LDI SYSVALUECOPY,0
00007E	9350 0101	STS PWMCOUNTER,SYSVALUECOPY
000080	9150 0070	LDS SYSVALUECOPY,TIMSK2
000082	6051	SBR SYSVALUECOPY,1<<TOIE2
000083	9350 0070	STS TIMSK2,SYSVALUECOPY
000085	E051	LDI SYSVALUECOPY,1
000086	9350 010B	STS TMR2PRES,SYSVALUECOPY
000088	E051	LDI SYSVALUECOPY,1
000089	9350 010A	STS TMR2POST,SYSVALUECOPY
00008B	D00B	RCALL INITTIMER2
00008C	E052	LDI SYSVALUECOPY,2
00008D	9350 010C	STS TMRNUMBER,SYSVALUECOPY
00008F	C029	RJMP STARTTIMER


		INITSYS
000090	E050	LDI SYSVALUECOPY,0
000091	B955	OUT PORTB,SYSVALUECOPY
000092	E050	LDI SYSVALUECOPY,0
000093	B958	OUT PORTC,SYSVALUECOPY
000094	E050	LDI SYSVALUECOPY,0
000095	B95B	OUT PORTD,SYSVALUECOPY
000096	9508	RET


		INITTIMER2
000097	9160 010B	LDS SYSCALCTEMPA,TMR2PRES
000099	3062	CPI SYSCALCTEMPA,2
00009A	F419	BRNE ENDIF8
00009B	E057	LDI SYSVALUECOPY,7
00009C	9350 010A	STS TMR2POST,SYSVALUECOPY
		ENDIF8
00009E	9508	RET


		INTTIMER2_OVF
00009F	D051	RCALL SYSINTCONTEXTSAVE
0000A0	D002	RCALL PWMHANDLER
0000A1	98B8	CBI TIFR2,TOV2
0000A2	C03F	RJMP SYSINTCONTEXTRESTORE


		PWMHANDLER
0000A3	9160 0101	LDS SYSCALCTEMPA,PWMCOUNTER
0000A5	91C0 0100	LDS SYSCALCTEMPB,LEDSPEED
0000A7	176C	CP SYSCALCTEMPA,SYSCALCTEMPB
0000A8	F410	BRSH ELSE3_1
0000A9	9A2D	SBI PORTB,5
0000AA	C001	RJMP ENDIF3
		ELSE3_1
0000AB	982D	CBI PORTB,5
		ENDIF3
0000AC	9000 0101	LDS SYSTEMP1,PWMCOUNTER
0000AE	9403	INC SYSTEMP1
0000AF	9200 0101	STS PWMCOUNTER,SYSTEMP1
0000B1	9160 0101	LDS SYSCALCTEMPA,PWMCOUNTER
0000B3	3664	CPI SYSCALCTEMPA,100
0000B4	F419	BRNE ENDIF4
0000B5	E050	LDI SYSVALUECOPY,0
0000B6	9350 0101	STS PWMCOUNTER,SYSVALUECOPY
		ENDIF4
0000B8	9508	RET


		STARTTIMER
0000B9	9160 010C	LDS SYSCALCTEMPA,TMRNUMBER
0000BB	2366	TST SYSCALCTEMPA
0000BC	F441	BRNE ENDIF5
0000BD	EF08	LDI SYSTEMP2,248
0000BE	B415	IN SYSTEMP3,TCCR0B
0000BF	2210	AND SYSTEMP3,SYSTEMP2
0000C0	2C01	MOV SYSTEMP1,SYSTEMP3
0000C1	9010 0108	LDS SYSTEMP3,TMR0PRES
0000C3	2810	OR SYSTEMP3,SYSTEMP1
0000C4	BC15	OUT TCCR0B,SYSTEMP3
		ENDIF5
0000C5	9160 010C	LDS SYSCALCTEMPA,TMRNUMBER
0000C7	3061	CPI SYSCALCTEMPA,1
0000C8	F451	BRNE ENDIF6
0000C9	EF08	LDI SYSTEMP2,248
0000CA	9010 0081	LDS SYSTEMP3,TCCR1B
0000CC	2210	AND SYSTEMP3,SYSTEMP2
0000CD	2C01	MOV SYSTEMP1,SYSTEMP3
0000CE	9010 0109	LDS SYSTEMP3,TMR1PRES
0000D0	2810	OR SYSTEMP3,SYSTEMP1
0000D1	9210 0081	STS TCCR1B,SYSTEMP3
		ENDIF6
0000D3	9160 010C	LDS SYSCALCTEMPA,TMRNUMBER
0000D5	3062	CPI SYSCALCTEMPA,2
0000D6	F451	BRNE ENDIF7
0000D7	EF08	LDI SYSTEMP2,248
0000D8	9010 00B1	LDS SYSTEMP3,TCCR2B
0000DA	2210	AND SYSTEMP3,SYSTEMP2
0000DB	2C01	MOV SYSTEMP1,SYSTEMP3
0000DC	9010 010A	LDS SYSTEMP3,TMR2POST
0000DE	2810	OR SYSTEMP3,SYSTEMP1
0000DF	9210 00B1	STS TCCR2B,SYSTEMP3
		ENDIF7
0000E1	9508	RET


		SYSINTCONTEXTRESTORE
0000E2	2755	CLR SYSVALUECOPY
0000E3	9350 0107	STS SYSINTOFFCOUNT,SYSVALUECOPY
0000E5	9160 0103	LDS SYSCALCTEMPA,SAVESYSCALCTEMPA
0000E7	91C0 0104	LDS SYSCALCTEMPB,SAVESYSCALCTEMPB
0000E9	9000 0105	LDS SYSTEMP1,SAVESYSTEMP1
0000EB	9150 0102	LDS SYSVALUECOPY,SAVESREG
0000ED	BF5F	OUT SREG,SYSVALUECOPY
0000EE	9150 0106	LDS SYSVALUECOPY,SAVESYSVALUECOPY
0000F0	9518	RETI


		SYSINTCONTEXTSAVE
0000F1	9350 0106	STS SAVESYSVALUECOPY,SYSVALUECOPY
0000F3	B75F	IN SYSVALUECOPY,SREG
0000F4	9350 0102	STS SAVESREG,SYSVALUECOPY
0000F6	9360 0103	STS SAVESYSCALCTEMPA,SYSCALCTEMPA
0000F8	93C0 0104	STS SAVESYSCALCTEMPB,SYSCALCTEMPB
0000FA	9200 0105	STS SAVESYSTEMP1,SYSTEMP1
0000FC	E051	LDI SYSVALUECOPY,1
0000FD	9350 0107	STS SYSINTOFFCOUNT,SYSVALUECOPY
0000FF	9508	RET


