GCASM List File (GCBASIC 0.94 2015-10-27)

Symbols:
-X 	EQU 	30
-Y 	EQU 	26
-Z 	EQU 	18
ACBG 	EQU 	6
ACD 	EQU 	7
ACI 	EQU 	4
ACIC 	EQU 	2
ACIE 	EQU 	3
ACIS0 	EQU 	0
ACIS1 	EQU 	1
ACME 	EQU 	6
ACO 	EQU 	5
ACSR 	EQU 	48
ADATE 	EQU 	5
ADC0D 	EQU 	0
ADC1D 	EQU 	1
ADC2D 	EQU 	2
ADC3D 	EQU 	3
ADC4D 	EQU 	4
ADC5D 	EQU 	5
ADCH 	EQU 	121
ADCH0 	EQU 	0
ADCH1 	EQU 	1
ADCH2 	EQU 	2
ADCH3 	EQU 	3
ADCH4 	EQU 	4
ADCH5 	EQU 	5
ADCH6 	EQU 	6
ADCH7 	EQU 	7
ADCL 	EQU 	120
ADCL0 	EQU 	0
ADCL1 	EQU 	1
ADCL2 	EQU 	2
ADCL3 	EQU 	3
ADCL4 	EQU 	4
ADCL5 	EQU 	5
ADCL6 	EQU 	6
ADCL7 	EQU 	7
ADCSRA 	EQU 	122
ADCSRB 	EQU 	123
ADEN 	EQU 	7
ADIE 	EQU 	3
ADIF 	EQU 	4
ADLAR 	EQU 	5
ADMUX 	EQU 	124
ADPS0 	EQU 	0
ADPS1 	EQU 	1
ADPS2 	EQU 	2
ADSC 	EQU 	6
ADTS0 	EQU 	0
ADTS1 	EQU 	1
ADTS2 	EQU 	2
AIN0D 	EQU 	0
AIN1D 	EQU 	1
ANIMATE 	EQU 	173
AS2 	EQU 	5
ASCII_TABLE_H 	EQU 	305
ASCII_TABLE_L 	EQU 	437
ASSR 	EQU 	182
BASPROGRAMEND 	EQU 	171
BASPROGRAMSTART 	EQU 	53
BLBSET 	EQU 	3
BORF 	EQU 	2
C 	EQU 	0
CAL0 	EQU 	0
CAL1 	EQU 	1
CAL2 	EQU 	2
CAL3 	EQU 	3
CAL4 	EQU 	4
CAL5 	EQU 	5
CAL6 	EQU 	6
CAL7 	EQU 	7
CC_X 	EQU 	296
CHARLINE 	EQU 	297
CLKPCE 	EQU 	7
CLKPR 	EQU 	97
CLKPS0 	EQU 	0
CLKPS1 	EQU 	1
CLKPS2 	EQU 	2
CLKPS3 	EQU 	3
COM0A0 	EQU 	6
COM0A1 	EQU 	7
COM0B0 	EQU 	4
COM0B1 	EQU 	5
COM1A0 	EQU 	6
COM1A1 	EQU 	7
COM1B0 	EQU 	4
COM1B1 	EQU 	5
COM2A0 	EQU 	6
COM2A1 	EQU 	7
COM2B0 	EQU 	4
COM2B1 	EQU 	5
CPHA 	EQU 	2
CPOL 	EQU 	3
CS00 	EQU 	0
CS01 	EQU 	1
CS02 	EQU 	2
CS10 	EQU 	0
CS11 	EQU 	1
CS12 	EQU 	2
CS20 	EQU 	0
CS21 	EQU 	1
CS22 	EQU 	2
C_X 	EQU 	298
C_Y 	EQU 	299
DDB0 	EQU 	0
DDB1 	EQU 	1
DDB2 	EQU 	2
DDB3 	EQU 	3
DDB4 	EQU 	4
DDB5 	EQU 	5
DDB6 	EQU 	6
DDB7 	EQU 	7
DDC0 	EQU 	0
DDC1 	EQU 	1
DDC2 	EQU 	2
DDC3 	EQU 	3
DDC4 	EQU 	4
DDC5 	EQU 	5
DDC6 	EQU 	6
DDD0 	EQU 	0
DDD1 	EQU 	1
DDD2 	EQU 	2
DDD3 	EQU 	3
DDD4 	EQU 	4
DDD5 	EQU 	5
DDD6 	EQU 	6
DDD7 	EQU 	7
DDRB 	EQU 	4
DDRC 	EQU 	7
DDRD 	EQU 	10
DELAYTEMP 	EQU 	r25
DELAYTEMP2 	EQU 	r26
DELAY_MS 	EQU 	569
DELAY_S 	EQU 	581
DIDR0 	EQU 	126
DIDR1 	EQU 	127
DMS_INNER 	EQU 	572
DMS_OUTER 	EQU 	571
DMS_START 	EQU 	570
DOR0 	EQU 	3
DORD 	EQU 	5
DS_START 	EQU 	581
D_X 	EQU 	300
D_Y 	EQU 	301
EEAR0 	EQU 	0
EEAR1 	EQU 	1
EEAR2 	EQU 	2
EEAR3 	EQU 	3
EEAR4 	EQU 	4
EEAR5 	EQU 	5
EEAR6 	EQU 	6
EEAR7 	EQU 	7
EEAR8 	EQU 	0
EEARH 	EQU 	34
EEARL 	EQU 	33
EECR 	EQU 	31
EEDR 	EQU 	32
EEDR0 	EQU 	0
EEDR1 	EQU 	1
EEDR2 	EQU 	2
EEDR3 	EQU 	3
EEDR4 	EQU 	4
EEDR5 	EQU 	5
EEDR6 	EQU 	6
EEDR7 	EQU 	7
EEMPE 	EQU 	2
EEPE 	EQU 	1
EEPM0 	EQU 	4
EEPM1 	EQU 	5
EERE 	EQU 	0
EERIE 	EQU 	3
EICRA 	EQU 	105
EIFR 	EQU 	28
EIMSK 	EQU 	29
ELSE10_1 	EQU 	907
ELSE17_1 	EQU 	633
ELSE1_1 	EQU 	181
ELSE2_1 	EQU 	215
ELSE3_1 	EQU 	231
ELSE8_1 	EQU 	278
ELSE9_1 	EQU 	896
ENDIF1 	EQU 	183
ENDIF10 	EQU 	908
ENDIF17 	EQU 	674
ENDIF2 	EQU 	221
ENDIF3 	EQU 	236
ENDIF4 	EQU 	243
ENDIF5 	EQU 	250
ENDIF6 	EQU 	257
ENDIF7 	EQU 	264
ENDIF8 	EQU 	284
ENDIF9 	EQU 	897
EXCLK 	EQU 	6
EXTRF 	EQU 	1
FE0 	EQU 	4
FOC0A 	EQU 	7
FOC0B 	EQU 	6
FOC1A 	EQU 	7
FOC1B 	EQU 	6
FOC2A 	EQU 	7
FOC2B 	EQU 	6
GLCDCHAR 	EQU 	302
GLCDCHARACTER 	EQU 	587
GLCDCLEAR 	EQU 	681
GLCDCOMDAT 	EQU 	303
GLCDDAT 	EQU 	304
GLCDDRAWFRAME 	EQU 	707
GLCDGOTOXY 	EQU 	816
GLCDINDEX 	EQU 	305
GLCDPRINT9 	EQU 	836
GLCDP_X 	EQU 	306
GLCDP_Y 	EQU 	307
GLCDWRITE 	EQU 	890
GPIOR0 	EQU 	30
GPIOR00 	EQU 	0
GPIOR01 	EQU 	1
GPIOR02 	EQU 	2
GPIOR03 	EQU 	3
GPIOR04 	EQU 	4
GPIOR05 	EQU 	5
GPIOR06 	EQU 	6
GPIOR07 	EQU 	7
GPIOR1 	EQU 	42
GPIOR10 	EQU 	0
GPIOR11 	EQU 	1
GPIOR12 	EQU 	2
GPIOR13 	EQU 	3
GPIOR14 	EQU 	4
GPIOR15 	EQU 	5
GPIOR16 	EQU 	6
GPIOR17 	EQU 	7
GPIOR2 	EQU 	43
GPIOR20 	EQU 	0
GPIOR21 	EQU 	1
GPIOR22 	EQU 	2
GPIOR23 	EQU 	3
GPIOR24 	EQU 	4
GPIOR25 	EQU 	5
GPIOR26 	EQU 	6
GPIOR27 	EQU 	7
GTCCR 	EQU 	35
H 	EQU 	5
I 	EQU 	7
ICES1 	EQU 	6
ICF1 	EQU 	5
ICIE1 	EQU 	5
ICNC1 	EQU 	7
ICR1H 	EQU 	135
ICR1H0 	EQU 	0
ICR1H1 	EQU 	1
ICR1H2 	EQU 	2
ICR1H3 	EQU 	3
ICR1H4 	EQU 	4
ICR1H5 	EQU 	5
ICR1H6 	EQU 	6
ICR1H7 	EQU 	7
ICR1L 	EQU 	134
ICR1L0 	EQU 	0
ICR1L1 	EQU 	1
ICR1L2 	EQU 	2
ICR1L3 	EQU 	3
ICR1L4 	EQU 	4
ICR1L5 	EQU 	5
ICR1L6 	EQU 	6
ICR1L7 	EQU 	7
INITGLCD 	EQU 	921
INITSYS 	EQU 	975
INT0 	EQU 	0
INT1 	EQU 	1
INTF0 	EQU 	0
INTF1 	EQU 	1
ISC00 	EQU 	0
ISC01 	EQU 	1
ISC10 	EQU 	2
ISC11 	EQU 	3
IVCE 	EQU 	0
IVSEL 	EQU 	1
MCUCR 	EQU 	53
MCUSR 	EQU 	52
MPCM0 	EQU 	0
MSTR 	EQU 	4
MUX0 	EQU 	0
MUX1 	EQU 	1
MUX2 	EQU 	2
MUX3 	EQU 	3
N 	EQU 	2
OCF0A 	EQU 	1
OCF0B 	EQU 	2
OCF1A 	EQU 	1
OCF1B 	EQU 	2
OCF2A 	EQU 	1
OCF2B 	EQU 	2
OCIE0A 	EQU 	1
OCIE0B 	EQU 	2
OCIE1A 	EQU 	1
OCIE1B 	EQU 	2
OCIE2A 	EQU 	1
OCIE2B 	EQU 	2
OCR0A 	EQU 	39
OCR0B 	EQU 	40
OCR0B_0 	EQU 	0
OCR0B_1 	EQU 	1
OCR0B_2 	EQU 	2
OCR0B_3 	EQU 	3
OCR0B_4 	EQU 	4
OCR0B_5 	EQU 	5
OCR0B_6 	EQU 	6
OCR0B_7 	EQU 	7
OCR1AH 	EQU 	137
OCR1AH0 	EQU 	0
OCR1AH1 	EQU 	1
OCR1AH2 	EQU 	2
OCR1AH3 	EQU 	3
OCR1AH4 	EQU 	4
OCR1AH5 	EQU 	5
OCR1AH6 	EQU 	6
OCR1AH7 	EQU 	7
OCR1AL 	EQU 	136
OCR1AL0 	EQU 	0
OCR1AL1 	EQU 	1
OCR1AL2 	EQU 	2
OCR1AL3 	EQU 	3
OCR1AL4 	EQU 	4
OCR1AL5 	EQU 	5
OCR1AL6 	EQU 	6
OCR1AL7 	EQU 	7
OCR1BH 	EQU 	139
OCR1BH0 	EQU 	0
OCR1BH1 	EQU 	1
OCR1BH2 	EQU 	2
OCR1BH3 	EQU 	3
OCR1BH4 	EQU 	4
OCR1BH5 	EQU 	5
OCR1BH6 	EQU 	6
OCR1BH7 	EQU 	7
OCR1BL 	EQU 	138
OCR1BL0 	EQU 	0
OCR1BL1 	EQU 	1
OCR1BL2 	EQU 	2
OCR1BL3 	EQU 	3
OCR1BL4 	EQU 	4
OCR1BL5 	EQU 	5
OCR1BL6 	EQU 	6
OCR1BL7 	EQU 	7
OCR2A 	EQU 	179
OCR2AUB 	EQU 	3
OCR2A_0 	EQU 	0
OCR2A_1 	EQU 	1
OCR2A_2 	EQU 	2
OCR2A_3 	EQU 	3
OCR2A_4 	EQU 	4
OCR2A_5 	EQU 	5
OCR2A_6 	EQU 	6
OCR2A_7 	EQU 	7
OCR2B 	EQU 	180
OCR2BUB 	EQU 	2
OCR2B_0 	EQU 	0
OCR2B_1 	EQU 	1
OCR2B_2 	EQU 	2
OCR2B_3 	EQU 	3
OCR2B_4 	EQU 	4
OCR2B_5 	EQU 	5
OCR2B_6 	EQU 	6
OCR2B_7 	EQU 	7
OCROA_0 	EQU 	0
OCROA_1 	EQU 	1
OCROA_2 	EQU 	2
OCROA_3 	EQU 	3
OCROA_4 	EQU 	4
OCROA_5 	EQU 	5
OCROA_6 	EQU 	6
OCROA_7 	EQU 	7
OSCCAL 	EQU 	102
PCICR 	EQU 	104
PCIE0 	EQU 	0
PCIE1 	EQU 	1
PCIE2 	EQU 	2
PCIF0 	EQU 	0
PCIF1 	EQU 	1
PCIF2 	EQU 	2
PCIFR 	EQU 	27
PCINT0 	EQU 	0
PCINT1 	EQU 	1
PCINT10 	EQU 	2
PCINT11 	EQU 	3
PCINT12 	EQU 	4
PCINT13 	EQU 	5
PCINT14 	EQU 	6
PCINT16 	EQU 	0
PCINT17 	EQU 	1
PCINT18 	EQU 	2
PCINT19 	EQU 	3
PCINT2 	EQU 	2
PCINT20 	EQU 	4
PCINT21 	EQU 	5
PCINT22 	EQU 	6
PCINT23 	EQU 	7
PCINT3 	EQU 	3
PCINT4 	EQU 	4
PCINT5 	EQU 	5
PCINT6 	EQU 	6
PCINT7 	EQU 	7
PCINT8 	EQU 	0
PCINT9 	EQU 	1
PCMSK0 	EQU 	107
PCMSK1 	EQU 	108
PCMSK2 	EQU 	109
PGERS 	EQU 	1
PGWRT 	EQU 	2
PINB 	EQU 	3
PINB0 	EQU 	0
PINB1 	EQU 	1
PINB2 	EQU 	2
PINB3 	EQU 	3
PINB4 	EQU 	4
PINB5 	EQU 	5
PINB6 	EQU 	6
PINB7 	EQU 	7
PINC 	EQU 	6
PINC0 	EQU 	0
PINC1 	EQU 	1
PINC2 	EQU 	2
PINC3 	EQU 	3
PINC4 	EQU 	4
PINC5 	EQU 	5
PINC6 	EQU 	6
PIND 	EQU 	9
PIND0 	EQU 	0
PIND1 	EQU 	1
PIND2 	EQU 	2
PIND3 	EQU 	3
PIND4 	EQU 	4
PIND5 	EQU 	5
PIND6 	EQU 	6
PIND7 	EQU 	7
PORF 	EQU 	0
PORTB 	EQU 	5
PORTB0 	EQU 	0
PORTB1 	EQU 	1
PORTB2 	EQU 	2
PORTB3 	EQU 	3
PORTB4 	EQU 	4
PORTB5 	EQU 	5
PORTB6 	EQU 	6
PORTB7 	EQU 	7
PORTC 	EQU 	8
PORTC0 	EQU 	0
PORTC1 	EQU 	1
PORTC2 	EQU 	2
PORTC3 	EQU 	3
PORTC4 	EQU 	4
PORTC5 	EQU 	5
PORTC6 	EQU 	6
PORTD 	EQU 	11
PORTD0 	EQU 	0
PORTD1 	EQU 	1
PORTD2 	EQU 	2
PORTD3 	EQU 	3
PORTD4 	EQU 	4
PORTD5 	EQU 	5
PORTD6 	EQU 	6
PORTD7 	EQU 	7
PRADC 	EQU 	0
PRR 	EQU 	100
PRSPI 	EQU 	2
PRTIM0 	EQU 	5
PRTIM1 	EQU 	3
PRTIM2 	EQU 	6
PRTWI 	EQU 	7
PRUSART0 	EQU 	1
PSRASY 	EQU 	1
PSRSYNC 	EQU 	0
PUD 	EQU 	4
RAMEND 	EQU 	1279
REFS0 	EQU 	6
REFS1 	EQU 	7
RWWSB 	EQU 	6
RWWSRE 	EQU 	4
RXB80 	EQU 	1
RXC0 	EQU 	7
RXCIE0 	EQU 	7
RXEN0 	EQU 	4
S 	EQU 	4
SE 	EQU 	0
SELFPRGEN 	EQU 	0
SM0 	EQU 	1
SM1 	EQU 	2
SM2 	EQU 	3
SMCR 	EQU 	51
SP0 	EQU 	0
SP1 	EQU 	1
SP10 	EQU 	2
SP2 	EQU 	2
SP3 	EQU 	3
SP4 	EQU 	4
SP5 	EQU 	5
SP6 	EQU 	6
SP7 	EQU 	7
SP8 	EQU 	0
SP9 	EQU 	1
SPCR 	EQU 	44
SPDR 	EQU 	46
SPDR0 	EQU 	0
SPDR1 	EQU 	1
SPDR2 	EQU 	2
SPDR3 	EQU 	3
SPDR4 	EQU 	4
SPDR5 	EQU 	5
SPDR6 	EQU 	6
SPDR7 	EQU 	7
SPE 	EQU 	6
SPH 	EQU 	62
SPI2X 	EQU 	0
SPIE 	EQU 	7
SPIF 	EQU 	7
SPL 	EQU 	61
SPMCSR 	EQU 	55
SPMIE 	EQU 	7
SPR0 	EQU 	0
SPR1 	EQU 	1
SPSR 	EQU 	45
SREG 	EQU 	63
STRINGPOINTER 	EQU 	309
STRINGTABLE1 	EQU 	1006
STRINGTABLE2 	EQU 	1012
STRINGTABLE3 	EQU 	1018
STRINGTABLE4 	EQU 	1019
SYSCALCTEMPX 	EQU 	r0
SYSDOLOOP_E1 	EQU 	171
SYSDOLOOP_S1 	EQU 	160
SYSFORLOOP1 	EQU 	846
SYSFORLOOP2 	EQU 	710
SYSFORLOOP3 	EQU 	737
SYSFORLOOP4 	EQU 	764
SYSFORLOOP5 	EQU 	791
SYSFORLOOPEND1 	EQU 	889
SYSFORLOOPEND2 	EQU 	734
SYSFORLOOPEND3 	EQU 	761
SYSFORLOOPEND4 	EQU 	788
SYSFORLOOPEND5 	EQU 	815
SYSGLCDSTRDATHANDLER 	EQU 	310
SYSGLCDSTRDATHANDLER_H 	EQU 	311
SYSPOINTERX 	EQU 	308
SYSREADSTRING 	EQU 	982
SYSREADSTRINGPART 	EQU 	989
SYSREPEATLOOP1 	EQU 	71
SYSREPEATLOOP2 	EQU 	900
SYSREPEATLOOP3 	EQU 	687
SYSREPEATLOOP4 	EQU 	604
SYSREPEATLOOP5 	EQU 	646
SYSREPEATLOOPEND1 	EQU 	143
SYSREPEATLOOPEND2 	EQU 	920
SYSREPEATLOOPEND3 	EQU 	706
SYSREPEATLOOPEND4 	EQU 	632
SYSREPEATLOOPEND5 	EQU 	674
SYSREPEATTEMP1 	EQU 	312
SYSREPEATTEMP2 	EQU 	313
SYSREPEATTEMP3 	EQU 	314
SYSREPEATTEMP3_H 	EQU 	315
SYSREPEATTEMP4 	EQU 	316
SYSSTRINGLENGTH 	EQU 	r25
SYSSTRINGPARAM1 	EQU 	256
SYSSTRINGREAD 	EQU 	998
SYSSTRINGREADCHECK 	EQU 	995
SYSSTRINGTABLES 	EQU 	1006
SysBYTETempA 	EQU 	r22
SysBYTETempB 	EQU 	r28
SysBYTETempX 	EQU 	r0
SysBitTest 	EQU 	r5
SysCalcTempA 	EQU 	r22
SysCalcTempB 	EQU 	r28
SysReadA 	EQU 	r30
SysReadA_H 	EQU 	r31
SysStringA 	EQU 	r26
SysStringA_H 	EQU 	r27
SysStringB 	EQU 	r28
SysStringB_H 	EQU 	r29
SysTemp1 	EQU 	r1
SysTemp1_H 	EQU 	r2
SysTemp2 	EQU 	r16
SysTemp3 	EQU 	r17
SysValueCopy 	EQU 	r21
SysWaitTempMS 	EQU 	r29
SysWaitTempMS_H 	EQU 	r30
SysWaitTempS 	EQU 	r31
T 	EQU 	6
TABLEASCII_TABLE_H 	EQU 	316
TABLEASCII_TABLE_L 	EQU 	448
TCCR0A 	EQU 	36
TCCR0B 	EQU 	37
TCCR1A 	EQU 	128
TCCR1B 	EQU 	129
TCCR1C 	EQU 	130
TCCR2A 	EQU 	176
TCCR2B 	EQU 	177
TCN2UB 	EQU 	4
TCNT0 	EQU 	38
TCNT0_0 	EQU 	0
TCNT0_1 	EQU 	1
TCNT0_2 	EQU 	2
TCNT0_3 	EQU 	3
TCNT0_4 	EQU 	4
TCNT0_5 	EQU 	5
TCNT0_6 	EQU 	6
TCNT0_7 	EQU 	7
TCNT1H 	EQU 	133
TCNT1H0 	EQU 	0
TCNT1H1 	EQU 	1
TCNT1H2 	EQU 	2
TCNT1H3 	EQU 	3
TCNT1H4 	EQU 	4
TCNT1H5 	EQU 	5
TCNT1H6 	EQU 	6
TCNT1H7 	EQU 	7
TCNT1L 	EQU 	132
TCNT1L0 	EQU 	0
TCNT1L1 	EQU 	1
TCNT1L2 	EQU 	2
TCNT1L3 	EQU 	3
TCNT1L4 	EQU 	4
TCNT1L5 	EQU 	5
TCNT1L6 	EQU 	6
TCNT1L7 	EQU 	7
TCNT2 	EQU 	178
TCNT2_0 	EQU 	0
TCNT2_1 	EQU 	1
TCNT2_2 	EQU 	2
TCNT2_3 	EQU 	3
TCNT2_4 	EQU 	4
TCNT2_5 	EQU 	5
TCNT2_6 	EQU 	6
TCNT2_7 	EQU 	7
TCR2AUB 	EQU 	1
TCR2BUB 	EQU 	0
TIFR0 	EQU 	21
TIFR1 	EQU 	22
TIFR2 	EQU 	23
TIMSK0 	EQU 	110
TIMSK1 	EQU 	111
TIMSK2 	EQU 	112
TOIE0 	EQU 	0
TOIE1 	EQU 	0
TOIE2 	EQU 	0
TOV0 	EQU 	0
TOV1 	EQU 	0
TOV2 	EQU 	0
TSM 	EQU 	7
TWA0 	EQU 	1
TWA1 	EQU 	2
TWA2 	EQU 	3
TWA3 	EQU 	4
TWA4 	EQU 	5
TWA5 	EQU 	6
TWA6 	EQU 	7
TWAM0 	EQU 	1
TWAM1 	EQU 	2
TWAM2 	EQU 	3
TWAM3 	EQU 	4
TWAM4 	EQU 	5
TWAM5 	EQU 	6
TWAM6 	EQU 	7
TWAMR 	EQU 	189
TWAR 	EQU 	186
TWBR 	EQU 	184
TWBR0 	EQU 	0
TWBR1 	EQU 	1
TWBR2 	EQU 	2
TWBR3 	EQU 	3
TWBR4 	EQU 	4
TWBR5 	EQU 	5
TWBR6 	EQU 	6
TWBR7 	EQU 	7
TWCR 	EQU 	188
TWD0 	EQU 	0
TWD1 	EQU 	1
TWD2 	EQU 	2
TWD3 	EQU 	3
TWD4 	EQU 	4
TWD5 	EQU 	5
TWD6 	EQU 	6
TWD7 	EQU 	7
TWDR 	EQU 	187
TWEA 	EQU 	6
TWEN 	EQU 	2
TWGCE 	EQU 	0
TWIE 	EQU 	0
TWINT 	EQU 	7
TWPS0 	EQU 	0
TWPS1 	EQU 	1
TWS3 	EQU 	3
TWS4 	EQU 	4
TWS5 	EQU 	5
TWS6 	EQU 	6
TWS7 	EQU 	7
TWSR 	EQU 	185
TWSTA 	EQU 	5
TWSTO 	EQU 	4
TWWC 	EQU 	3
TXB80 	EQU 	0
TXC0 	EQU 	6
TXCIE0 	EQU 	6
TXEN0 	EQU 	3
U2X0 	EQU 	1
UBRR0 	EQU 	0
UBRR0H 	EQU 	197
UBRR0L 	EQU 	196
UBRR1 	EQU 	1
UBRR10 	EQU 	2
UBRR11 	EQU 	3
UBRR2 	EQU 	2
UBRR3 	EQU 	3
UBRR4 	EQU 	4
UBRR5 	EQU 	5
UBRR6 	EQU 	6
UBRR7 	EQU 	7
UBRR8 	EQU 	0
UBRR9 	EQU 	1
UCPOL0 	EQU 	0
UCSR0A 	EQU 	192
UCSR0B 	EQU 	193
UCSR0C 	EQU 	194
UCSZ00 	EQU 	1
UCSZ01 	EQU 	2
UCSZ02 	EQU 	2
UDR0 	EQU 	198
UDR0-0 	EQU 	0
UDR0-1 	EQU 	1
UDR0-2 	EQU 	2
UDR0-3 	EQU 	3
UDR0-4 	EQU 	4
UDR0-5 	EQU 	5
UDR0-6 	EQU 	6
UDR0-7 	EQU 	7
UDRE0 	EQU 	5
UDRIE0 	EQU 	5
UMSEL00 	EQU 	6
UMSEL01 	EQU 	7
UPE0 	EQU 	2
UPM00 	EQU 	4
UPM01 	EQU 	5
USBS0 	EQU 	3
V 	EQU 	3
WCOL 	EQU 	6
WDCE 	EQU 	4
WDE 	EQU 	3
WDIE 	EQU 	6
WDIF 	EQU 	7
WDP0 	EQU 	0
WDP1 	EQU 	1
WDP2 	EQU 	2
WDP3 	EQU 	5
WDRF 	EQU 	3
WDTCSR 	EQU 	96
WGM00 	EQU 	0
WGM01 	EQU 	1
WGM02 	EQU 	3
WGM10 	EQU 	0
WGM11 	EQU 	1
WGM12 	EQU 	3
WGM13 	EQU 	4
WGM20 	EQU 	0
WGM21 	EQU 	1
WGM22 	EQU 	3
X 	EQU 	28
X+ 	EQU 	29
Y 	EQU 	8
Y+ 	EQU 	25
Z 	EQU 	1
Z+ 	EQU 	17
rZ 	EQU 	0

Code:
Loc	Obj Code	Original Assembly
000000	0000	NOP
000001	C033	RJMP BASPROGRAMSTART
000002	0000	NOP
000003	9518	RETI
000004	0000	NOP
000005	9518	RETI
000006	0000	NOP
000007	9518	RETI
000008	0000	NOP
000009	9518	RETI
00000A	0000	NOP
00000B	9518	RETI
00000C	0000	NOP
00000D	9518	RETI
00000E	0000	NOP
00000F	9518	RETI
000010	0000	NOP
000011	9518	RETI
000012	0000	NOP
000013	9518	RETI
000014	0000	NOP
000015	9518	RETI
000016	0000	NOP
000017	9518	RETI
000018	0000	NOP
000019	9518	RETI
00001A	0000	NOP
00001B	9518	RETI
00001C	0000	NOP
00001D	9518	RETI
00001E	0000	NOP
00001F	9518	RETI
000020	0000	NOP
000021	9518	RETI
000022	0000	NOP
000023	9518	RETI
000024	0000	NOP
000025	9518	RETI
000026	0000	NOP
000027	9518	RETI
000028	0000	NOP
000029	9518	RETI
00002A	0000	NOP
00002B	9518	RETI
00002C	0000	NOP
00002D	9518	RETI
00002E	0000	NOP
00002F	9518	RETI
000030	0000	NOP
000031	9518	RETI
000032	0000	NOP
000033	9518	RETI


000034	0000	NOP
		BASPROGRAMSTART
000035	E054	LDI SYSVALUECOPY,HIGH(RAMEND)
000036	BF5E	OUT SPH, SYSVALUECOPY
000037	EF5F	LDI SYSVALUECOPY,LOW(RAMEND)
000038	BF5D	OUT SPL, SYSVALUECOPY
000039	D395	RCALL INITSYS
00003A	9A25	SBI DDRB,5
00003B	9A24	SBI DDRB,4
00003C	9A23	SBI DDRB,3
00003D	9A22	SBI DDRB,2
00003E	9A20	SBI DDRB,0
00003F	9A27	SBI DDRB,7
000040	9A26	SBI DDRB,6

000041	982B	CBI PORTB,3
000042	982A	CBI PORTB,2
000043	D355	RCALL INITGLCD
000044	E053	LDI SYSVALUECOPY,3
000045	9350 0138	STS SYSREPEATTEMP1,SYSVALUECOPY
		SYSREPEATLOOP1
000047	982B	CBI PORTB,3
000048	9A2A	SBI PORTB,2
000049	D25F	RCALL GLCDCLEAR
00004A	EFD4	LDI SYSWAITTEMPMS,244
00004B	E0E1	LDI SYSWAITTEMPMS_H,1
00004C	D1EC	RCALL DELAY_MS
00004D	9A2B	SBI PORTB,3
00004E	982A	CBI PORTB,2
00004F	D259	RCALL GLCDCLEAR
000050	EFD4	LDI SYSWAITTEMPMS,244
000051	E0E1	LDI SYSWAITTEMPMS_H,1
000052	D1E6	RCALL DELAY_MS
000053	982B	CBI PORTB,3
000054	9A2A	SBI PORTB,2
000055	D253	RCALL GLCDCLEAR
000056	D26C	RCALL GLCDDRAWFRAME
000057	E051	LDI SYSVALUECOPY,1
000058	9350 0132	STS GLCDP_X,SYSVALUECOPY
00005A	E051	LDI SYSVALUECOPY,1
00005B	9350 0133	STS GLCDP_Y,SYSVALUECOPY
00005D	D2D2	RCALL GLCDGOTOXY
00005E	E0C0	LDI SYSSTRINGB,LOW(SYSSTRINGPARAM1)
00005F	E0D1	LDI SYSSTRINGB_H,HIGH(SYSSTRINGPARAM1)
000060	EDEC	LDI SYSREADA,LOW(STRINGTABLE1<<1)
000061	E0F7	LDI SYSREADA_H,HIGH(STRINGTABLE1<<1)
000062	D373	RCALL SYSREADSTRING
000063	E050	LDI SYSVALUECOPY,LOW(SYSSTRINGPARAM1)
000064	9350 0136	STS SYSGLCDSTRDATHANDLER,SYSVALUECOPY
000066	E051	LDI SYSVALUECOPY,HIGH(SYSSTRINGPARAM1)
000067	9350 0137	STS SYSGLCDSTRDATHANDLER_H,SYSVALUECOPY
000069	D2DA	RCALL GLCDPRINT9
00006A	EFD4	LDI SYSWAITTEMPMS,244
00006B	E0E1	LDI SYSWAITTEMPMS_H,1
00006C	D1CC	RCALL DELAY_MS
00006D	9A2B	SBI PORTB,3
00006E	982A	CBI PORTB,2
00006F	D239	RCALL GLCDCLEAR
000070	D252	RCALL GLCDDRAWFRAME
000071	D251	RCALL GLCDDRAWFRAME
000072	E051	LDI SYSVALUECOPY,1
000073	9350 0132	STS GLCDP_X,SYSVALUECOPY
000075	E051	LDI SYSVALUECOPY,1
000076	9350 0133	STS GLCDP_Y,SYSVALUECOPY
000078	D2B7	RCALL GLCDGOTOXY
000079	E0C0	LDI SYSSTRINGB,LOW(SYSSTRINGPARAM1)
00007A	E0D1	LDI SYSSTRINGB_H,HIGH(SYSSTRINGPARAM1)
00007B	EEE8	LDI SYSREADA,LOW(STRINGTABLE2<<1)
00007C	E0F7	LDI SYSREADA_H,HIGH(STRINGTABLE2<<1)
00007D	D358	RCALL SYSREADSTRING
00007E	E050	LDI SYSVALUECOPY,LOW(SYSSTRINGPARAM1)
00007F	9350 0136	STS SYSGLCDSTRDATHANDLER,SYSVALUECOPY
000081	E051	LDI SYSVALUECOPY,HIGH(SYSSTRINGPARAM1)
000082	9350 0137	STS SYSGLCDSTRDATHANDLER_H,SYSVALUECOPY
000084	D2BF	RCALL GLCDPRINT9
000085	EFD4	LDI SYSWAITTEMPMS,244
000086	E0E1	LDI SYSWAITTEMPMS_H,1
000087	D1B1	RCALL DELAY_MS
000088	9010 0138	LDS SYSTEMP1,SYSREPEATTEMP1
00008A	941A	DEC SYSTEMP1
00008B	9210 0138	STS SYSREPEATTEMP1,SYSTEMP1
00008D	F009	BREQ PC + 2
00008E	CFB8	RJMP SYSREPEATLOOP1
		SYSREPEATLOOPEND1
00008F	E0F1	LDI SYSWAITTEMPS,1
000090	D1B4	RCALL DELAY_S
000091	E050	LDI SYSVALUECOPY,0
000092	9350 0128	STS CC_X,SYSVALUECOPY
000094	E050	LDI SYSVALUECOPY,0
000095	9350 012A	STS C_X,SYSVALUECOPY
000097	E050	LDI SYSVALUECOPY,0
000098	9350 012B	STS C_Y,SYSVALUECOPY
00009A	E050	LDI SYSVALUECOPY,0
00009B	9350 012C	STS D_X,SYSVALUECOPY
00009D	E050	LDI SYSVALUECOPY,0
00009E	9350 012D	STS D_Y,SYSVALUECOPY
		SYSDOLOOP_S1
0000A0	9A28	SBI PORTB,0
0000A1	D00B	RCALL ANIMATE
0000A2	ECD8	LDI SYSWAITTEMPMS,200
0000A3	E0E0	LDI SYSWAITTEMPMS_H,0
0000A4	D194	RCALL DELAY_MS
0000A5	9828	CBI PORTB,0
0000A6	D006	RCALL ANIMATE
0000A7	ECD8	LDI SYSWAITTEMPMS,200
0000A8	E0E0	LDI SYSWAITTEMPMS_H,0
0000A9	D18F	RCALL DELAY_MS
0000AA	CFF5	RJMP SYSDOLOOP_S1
		SYSDOLOOP_E1
		BASPROGRAMEND
0000AB	9588	SLEEP
0000AC	CFFE	RJMP BASPROGRAMEND


		ANIMATE
0000AD	E46E	LDI SYSCALCTEMPA,78
0000AE	91C0 012A	LDS SYSCALCTEMPB,C_X
0000B0	176C	CP SYSCALCTEMPA,SYSCALCTEMPB
0000B1	F418	BRSH ELSE1_1
0000B2	9A2B	SBI PORTB,3
0000B3	982A	CBI PORTB,2
0000B4	C002	RJMP ENDIF1
		ELSE1_1
0000B5	982B	CBI PORTB,3
0000B6	9A2A	SBI PORTB,2
		ENDIF1
0000B7	9150 0128	LDS SYSVALUECOPY,CC_X
0000B9	9350 0132	STS GLCDP_X,SYSVALUECOPY
0000BB	9150 012B	LDS SYSVALUECOPY,C_Y
0000BD	9350 0133	STS GLCDP_Y,SYSVALUECOPY
0000BF	D270	RCALL GLCDGOTOXY
0000C0	E0C0	LDI SYSSTRINGB,LOW(SYSSTRINGPARAM1)
0000C1	E0D1	LDI SYSSTRINGB_H,HIGH(SYSSTRINGPARAM1)
0000C2	EFE4	LDI SYSREADA,LOW(STRINGTABLE3<<1)
0000C3	E0F7	LDI SYSREADA_H,HIGH(STRINGTABLE3<<1)
0000C4	D311	RCALL SYSREADSTRING
0000C5	E050	LDI SYSVALUECOPY,LOW(SYSSTRINGPARAM1)
0000C6	9350 0136	STS SYSGLCDSTRDATHANDLER,SYSVALUECOPY
0000C8	E051	LDI SYSVALUECOPY,HIGH(SYSSTRINGPARAM1)
0000C9	9350 0137	STS SYSGLCDSTRDATHANDLER_H,SYSVALUECOPY
0000CB	D278	RCALL GLCDPRINT9
0000CC	9160 012C	LDS SYSCALCTEMPA,D_X
0000CE	2366	TST SYSCALCTEMPA
0000CF	F439	BRNE ELSE2_1
0000D0	9010 012A	LDS SYSTEMP1,C_X
0000D2	E006	LDI SYSTEMP2,6
0000D3	0E10	ADD SYSTEMP1,SYSTEMP2
0000D4	9210 012A	STS C_X,SYSTEMP1
0000D6	C006	RJMP ENDIF2
		ELSE2_1
0000D7	9010 012A	LDS SYSTEMP1,C_X
0000D9	E006	LDI SYSTEMP2,6
0000DA	1A10	SUB SYSTEMP1,SYSTEMP2
0000DB	9210 012A	STS C_X,SYSTEMP1
		ENDIF2
0000DD	9160 012D	LDS SYSCALCTEMPA,D_Y
0000DF	2366	TST SYSCALCTEMPA
0000E0	F431	BRNE ELSE3_1
0000E1	9010 012B	LDS SYSTEMP1,C_Y
0000E3	9413	INC SYSTEMP1
0000E4	9210 012B	STS C_Y,SYSTEMP1
0000E6	C005	RJMP ENDIF3
		ELSE3_1
0000E7	9010 012B	LDS SYSTEMP1,C_Y
0000E9	941A	DEC SYSTEMP1
0000EA	9210 012B	STS C_Y,SYSTEMP1
		ENDIF3
0000EC	9160 012B	LDS SYSCALCTEMPA,C_Y
0000EE	3065	CPI SYSCALCTEMPA,5
0000EF	F419	BRNE ENDIF4
0000F0	E051	LDI SYSVALUECOPY,1
0000F1	9350 012D	STS D_Y,SYSVALUECOPY
		ENDIF4
0000F3	9160 012B	LDS SYSCALCTEMPA,C_Y
0000F5	2366	TST SYSCALCTEMPA
0000F6	F419	BRNE ENDIF5
0000F7	E050	LDI SYSVALUECOPY,0
0000F8	9350 012D	STS D_Y,SYSVALUECOPY
		ENDIF5
0000FA	9160 012A	LDS SYSCALCTEMPA,C_X
0000FC	3A62	CPI SYSCALCTEMPA,162
0000FD	F419	BRNE ENDIF6
0000FE	E051	LDI SYSVALUECOPY,1
0000FF	9350 012C	STS D_X,SYSVALUECOPY
		ENDIF6
000101	9160 012A	LDS SYSCALCTEMPA,C_X
000103	2366	TST SYSCALCTEMPA
000104	F419	BRNE ENDIF7
000105	E050	LDI SYSVALUECOPY,0
000106	9350 012C	STS D_X,SYSVALUECOPY
		ENDIF7
000108	E46E	LDI SYSCALCTEMPA,78
000109	91C0 012A	LDS SYSCALCTEMPB,C_X
00010B	176C	CP SYSCALCTEMPA,SYSCALCTEMPB
00010C	F448	BRSH ELSE8_1
00010D	9010 012A	LDS SYSTEMP1,C_X
00010F	E504	LDI SYSTEMP2,84
000110	1A10	SUB SYSTEMP1,SYSTEMP2
000111	9210 0128	STS CC_X,SYSTEMP1
000113	9A2B	SBI PORTB,3
000114	982A	CBI PORTB,2
000115	C006	RJMP ENDIF8
		ELSE8_1
000116	9150 012A	LDS SYSVALUECOPY,C_X
000118	9350 0128	STS CC_X,SYSVALUECOPY
00011A	982B	CBI PORTB,3
00011B	9A2A	SBI PORTB,2
		ENDIF8
00011C	9150 0128	LDS SYSVALUECOPY,CC_X
00011E	9350 0132	STS GLCDP_X,SYSVALUECOPY
000120	9150 012B	LDS SYSVALUECOPY,C_Y
000122	9350 0133	STS GLCDP_Y,SYSVALUECOPY
000124	D20B	RCALL GLCDGOTOXY
000125	E0C0	LDI SYSSTRINGB,LOW(SYSSTRINGPARAM1)
000126	E0D1	LDI SYSSTRINGB_H,HIGH(SYSSTRINGPARAM1)
000127	EFE6	LDI SYSREADA,LOW(STRINGTABLE4<<1)
000128	E0F7	LDI SYSREADA_H,HIGH(STRINGTABLE4<<1)
000129	D2AC	RCALL SYSREADSTRING
00012A	E050	LDI SYSVALUECOPY,LOW(SYSSTRINGPARAM1)
00012B	9350 0136	STS SYSGLCDSTRDATHANDLER,SYSVALUECOPY
00012D	E051	LDI SYSVALUECOPY,HIGH(SYSSTRINGPARAM1)
00012E	9350 0137	STS SYSGLCDSTRDATHANDLER_H,SYSVALUECOPY
000130	C213	RJMP GLCDPRINT9


		ASCII_TABLE_H
000131	3FA1	CPI SYSSTRINGA, 241
000132	F010	BRLO PC + 3
000133	2400	CLR SYSBYTETEMPX
000134	9508	RET
000135	E7E8	LDI SYSREADA, LOW(TABLEASCII_TABLE_H<<1)
000136	E0F2	LDI SYSREADA_H, HIGH(TABLEASCII_TABLE_H<<1)
000137	0FEA	ADD SYSREADA, SYSSTRINGA
000138	F408	BRCC PC + 2
000139	95F3	INC SYSREADA_H
00013A	95C8	LPM
00013B	9508	RET
		TABLEASCII_TABLE_H
00013C	7FF0 0909 0609 413E 2151 7F5E 1909 4629 4946 4949 0131 7F01 0101 403F	RAW 7FF0,0909,0609,413E,2151,7F5E,1909,4629,4946,4949,0131,7F01,0101,403F
00014A	4040 1F3F 4020 1F20 403F 4038 633F 0814 6314 0807 0870 6107 4951 4345	RAW 4040,1F3F,4020,1F20,403F,4038,633F,0814,6314,0807,0870,6107,4951,4345
000158	7F00 4141 0200 0804 2010 4100 7F41 0400 0102 0402 4040 4040 0040 0201 0004 5420	RAW 7F00,4141,0200,0804,2010,4100,7F41,0400,0102,0402,4040,4040,0040,0201,0004,5420
000168	5454 7F78 4448 3844 4438 4444 3820 4444 7F48 5438 5454 0818 097E	RAW 5454,7F78,4448,3844,4438,4444,3820,4444,7F48,5438,5454,0818,097E
000175	0201 520C 5252 7F3E 0408 7804 4400 407D 2000 4440 003D 107F 4428 0000	RAW 0201,520C,5252,7F3E,0408,7804,4400,407D,2000,4440,003D,107F,4428,0000
000183	7F41 0040 047C 0418 7C78 0408 7804 4438 4444 7C38 1414 0814 1408 1814	RAW 7F41,0040,047C,0418,7C78,0408,7804,4438,4444,7C38,1414,0814,1408,1814
000191	7C7C 0408 0804 5448 5454 0420 443F 2040 403C 2040 1C7C 4020 1C20 403C	RAW 7C7C,0408,0804,5448,5454,0420,443F,2040,403C,2040,1C7C,4020,1C20,403C
00019F	4030 443C 1028 4428 500C 5050 443C 5464 444C 0800 4136 0000 7F00 0000	RAW 4030,443C,1028,4428,500C,5050,443C,5464,444C,0800,4136,0000,7F00,0000
0001AD	4100 0836 1000 0808 0810 0600 0909 0006	RAW 4100,0836,1000,0808,0810,0600,0909,0006


		ASCII_TABLE_L
0001B5	3FA1	CPI SYSSTRINGA, 241
0001B6	F010	BRLO PC + 3
0001B7	2400	CLR SYSBYTETEMPX
0001B8	9508	RET
0001B9	E8E0	LDI SYSREADA, LOW(TABLEASCII_TABLE_L<<1)
0001BA	E0F3	LDI SYSREADA_H, HIGH(TABLEASCII_TABLE_L<<1)
0001BB	0FEA	ADD SYSREADA, SYSSTRINGA
0001BC	F408	BRCC PC + 2
0001BD	95F3	INC SYSREADA_H
0001BE	95C8	LPM
0001BF	9508	RET
		TABLEASCII_TABLE_L
0001C0	00F0 0000 0000 0000 005F 0000 0007 0007 7F14 7F14 2414 7F2A 122A 1323 6408	RAW 00F0,0000,0000,0000,005F,0000,0007,0007,7F14,7F14,2414,7F2A,122A,1323,6408
0001CF	3662 5549 5022 0500 0003 0000 221C 0041 4100 1C22 1400 3E08 1408 0808 083E 0008	RAW 3662,5549,5022,0500,0003,0000,221C,0041,4100,1C22,1400,3E08,1408,0808,083E,0008
0001DF	3050 0000 0808 0808 0008 6060 0000 1020 0408 3E02 4951 3E45 4200 407F 4200 5161	RAW 3050,0000,0808,0808,0008,6060,0000,1020,0408,3E02,4951,3E45,4200,407F,4200,5161
0001EF	4649 4121 4B45 1831 1214 107F 4527 4545 3C39 494A 3049 7101 0509 3603	RAW 4649,4121,4B45,1831,1214,107F,4527,4545,3C39,494A,3049,7101,0509,3603
0001FD	4949 3649 4906 2949 001E 3636 0000 5600 0036 0800 2214 0041 1414 1414 0014	RAW 4949,3649,4906,2949,001E,3636,0000,5600,0036,0800,2214,0041,1414,1414,0014
00020C	2241 0814 0102 0951 3206 7949 3E41 117E 1111 7F7E 4949 3649 413E 4141	RAW 2241,0814,0102,0951,3206,7949,3E41,117E,1111,7F7E,4949,3649,413E,4141
00021A	7F22 4141 1C22 497F 4949 7F41 0909 0109 413E 4949 7F7A 0808 7F08 4100	RAW 7F22,4141,1C22,497F,4949,7F41,0909,0109,413E,4949,7F7A,0808,7F08,4100
000228	417F 2000 4140 013F 087F 2214 7F41 4040 4040 027F 020C 7F7F 0804 7F10	RAW 417F,2000,4140,013F,087F,2214,7F41,4040,4040,027F,020C,7F7F,0804,7F10
000236	413E 4141 003E	RAW 413E,4141,003E


		DELAY_MS
000239	95E3	INC SYSWAITTEMPMS_H
		DMS_START
00023A	EFAE	LDI DELAYTEMP2,254
		DMS_OUTER
00023B	E194	LDI DELAYTEMP,20
		DMS_INNER
00023C	959A	DEC DELAYTEMP
00023D	F7F1	BRNE DMS_INNER
00023E	95AA	DEC DELAYTEMP2
00023F	F7D9	BRNE DMS_OUTER
000240	95DA	DEC SYSWAITTEMPMS
000241	F7C1	BRNE DMS_START
000242	95EA	DEC SYSWAITTEMPMS_H
000243	F7B1	BRNE DMS_START
000244	9508	RET


		DELAY_S
		DS_START
000245	EED8	LDI SYSWAITTEMPMS,232
000246	E0E3	LDI SYSWAITTEMPMS_H,3
000247	DFF1	RCALL DELAY_MS
000248	95FA	DEC SYSWAITTEMPS
000249	F7D9	BRNE DS_START
00024A	9508	RET


		GLCDCHARACTER
00024B	9160 012E	LDS SYSCALCTEMPA,GLCDCHAR
00024D	3560	CPI SYSCALCTEMPA,80
00024E	F550	BRSH ELSE17_1
00024F	9100 012E	LDS SYSTEMP2,GLCDCHAR
000251	E210	LDI SYSTEMP3,32
000252	1B01	SUB SYSTEMP2,SYSTEMP3
000253	2E10	MOV SYSTEMP1,SYSTEMP2
000254	2D61	MOV SYSBYTETEMPA,SYSTEMP1
000255	E0C5	LDI SYSBYTETEMPB,5
000256	9F6C	MUL SYSBYTETEMPA,SYSBYTETEMPB
000257	9200 012E	STS GLCDCHAR,SYSBYTETEMPX
000259	E055	LDI SYSVALUECOPY,5
00025A	9350 013C	STS SYSREPEATTEMP4,SYSVALUECOPY
		SYSREPEATLOOP4
00025C	9010 012E	LDS SYSTEMP1,GLCDCHAR
00025E	9413	INC SYSTEMP1
00025F	9210 012E	STS GLCDCHAR,SYSTEMP1
000261	91A0 012E	LDS SYSSTRINGA,GLCDCHAR
000263	DF51	RCALL ASCII_TABLE_L
000264	9200 0129	STS CHARLINE,SYSBYTETEMPX
000266	E051	LDI SYSVALUECOPY,1
000267	9350 012F	STS GLCDCOMDAT,SYSVALUECOPY
000269	9150 0129	LDS SYSVALUECOPY,CHARLINE
00026B	9350 0130	STS GLCDDAT,SYSVALUECOPY
00026D	D10C	RCALL GLCDWRITE
00026E	9150 0130	LDS SYSVALUECOPY,GLCDDAT
000270	9350 0129	STS CHARLINE,SYSVALUECOPY
000272	9010 013C	LDS SYSTEMP1,SYSREPEATTEMP4
000274	941A	DEC SYSTEMP1
000275	9210 013C	STS SYSREPEATTEMP4,SYSTEMP1
000277	F721	BRNE SYSREPEATLOOP4
		SYSREPEATLOOPEND4
000278	C029	RJMP ENDIF17
		ELSE17_1
000279	9100 012E	LDS SYSTEMP2,GLCDCHAR
00027B	E510	LDI SYSTEMP3,80
00027C	1B01	SUB SYSTEMP2,SYSTEMP3
00027D	2E10	MOV SYSTEMP1,SYSTEMP2
00027E	2D61	MOV SYSBYTETEMPA,SYSTEMP1
00027F	E0C5	LDI SYSBYTETEMPB,5
000280	9F6C	MUL SYSBYTETEMPA,SYSBYTETEMPB
000281	9200 012E	STS GLCDCHAR,SYSBYTETEMPX
000283	E055	LDI SYSVALUECOPY,5
000284	9350 013C	STS SYSREPEATTEMP4,SYSVALUECOPY
		SYSREPEATLOOP5
000286	9010 012E	LDS SYSTEMP1,GLCDCHAR
000288	9413	INC SYSTEMP1
000289	9210 012E	STS GLCDCHAR,SYSTEMP1
00028B	91A0 012E	LDS SYSSTRINGA,GLCDCHAR
00028D	DEA3	RCALL ASCII_TABLE_H
00028E	9200 0129	STS CHARLINE,SYSBYTETEMPX
000290	E051	LDI SYSVALUECOPY,1
000291	9350 012F	STS GLCDCOMDAT,SYSVALUECOPY
000293	9150 0129	LDS SYSVALUECOPY,CHARLINE
000295	9350 0130	STS GLCDDAT,SYSVALUECOPY
000297	D0E2	RCALL GLCDWRITE
000298	9150 0130	LDS SYSVALUECOPY,GLCDDAT
00029A	9350 0129	STS CHARLINE,SYSVALUECOPY
00029C	9010 013C	LDS SYSTEMP1,SYSREPEATTEMP4
00029E	941A	DEC SYSTEMP1
00029F	9210 013C	STS SYSREPEATTEMP4,SYSTEMP1
0002A1	F721	BRNE SYSREPEATLOOP5
		SYSREPEATLOOPEND5
		ENDIF17
0002A2	E051	LDI SYSVALUECOPY,1
0002A3	9350 012F	STS GLCDCOMDAT,SYSVALUECOPY
0002A5	E050	LDI SYSVALUECOPY,0
0002A6	9350 0130	STS GLCDDAT,SYSVALUECOPY
0002A8	C0D1	RJMP GLCDWRITE


		GLCDCLEAR
0002A9	EF57	LDI SYSVALUECOPY,247
0002AA	9350 013A	STS SYSREPEATTEMP3,SYSVALUECOPY
0002AC	E052	LDI SYSVALUECOPY,2
0002AD	9350 013B	STS SYSREPEATTEMP3_H,SYSVALUECOPY
		SYSREPEATLOOP3
0002AF	E051	LDI SYSVALUECOPY,1
0002B0	9350 012F	STS GLCDCOMDAT,SYSVALUECOPY
0002B2	E050	LDI SYSVALUECOPY,0
0002B3	9350 0130	STS GLCDDAT,SYSVALUECOPY
0002B5	D0C4	RCALL GLCDWRITE
0002B6	9010 013A	LDS SYSTEMP1,SYSREPEATTEMP3
0002B8	9020 013B	LDS SYSTEMP1_H,SYSREPEATTEMP3_H
0002BA	941A	DEC SYSTEMP1
0002BB	9210 013A	STS SYSREPEATTEMP3,SYSTEMP1
0002BD	F789	BRNE SYSREPEATLOOP3
0002BE	942A	DEC SYSTEMP1_H
0002BF	9220 013B	STS SYSREPEATTEMP3_H,SYSTEMP1_H
0002C1	F769	BRNE SYSREPEATLOOP3
		SYSREPEATLOOPEND3
0002C2	9508	RET


		GLCDDRAWFRAME
0002C3	EF5F	LDI SYSVALUECOPY,255
0002C4	9350 0131	STS GLCDINDEX,SYSVALUECOPY
		SYSFORLOOP2
0002C6	9010 0131	LDS SYSTEMP1,GLCDINDEX
0002C8	9413	INC SYSTEMP1
0002C9	9210 0131	STS GLCDINDEX,SYSTEMP1
0002CB	9150 0131	LDS SYSVALUECOPY,GLCDINDEX
0002CD	9350 0132	STS GLCDP_X,SYSVALUECOPY
0002CF	E050	LDI SYSVALUECOPY,0
0002D0	9350 0133	STS GLCDP_Y,SYSVALUECOPY
0002D2	D05D	RCALL GLCDGOTOXY
0002D3	E051	LDI SYSVALUECOPY,1
0002D4	9350 012F	STS GLCDCOMDAT,SYSVALUECOPY
0002D6	E051	LDI SYSVALUECOPY,1
0002D7	9350 0130	STS GLCDDAT,SYSVALUECOPY
0002D9	D0A0	RCALL GLCDWRITE
0002DA	9160 0131	LDS SYSCALCTEMPA,GLCDINDEX
0002DC	3563	CPI SYSCALCTEMPA,83
0002DD	F340	BRLO SYSFORLOOP2
		SYSFORLOOPEND2
0002DE	EF5F	LDI SYSVALUECOPY,255
0002DF	9350 0131	STS GLCDINDEX,SYSVALUECOPY
		SYSFORLOOP3
0002E1	9010 0131	LDS SYSTEMP1,GLCDINDEX
0002E3	9413	INC SYSTEMP1
0002E4	9210 0131	STS GLCDINDEX,SYSTEMP1
0002E6	9150 0131	LDS SYSVALUECOPY,GLCDINDEX
0002E8	9350 0132	STS GLCDP_X,SYSVALUECOPY
0002EA	E055	LDI SYSVALUECOPY,5
0002EB	9350 0133	STS GLCDP_Y,SYSVALUECOPY
0002ED	D042	RCALL GLCDGOTOXY
0002EE	E051	LDI SYSVALUECOPY,1
0002EF	9350 012F	STS GLCDCOMDAT,SYSVALUECOPY
0002F1	E850	LDI SYSVALUECOPY,128
0002F2	9350 0130	STS GLCDDAT,SYSVALUECOPY
0002F4	D085	RCALL GLCDWRITE
0002F5	9160 0131	LDS SYSCALCTEMPA,GLCDINDEX
0002F7	3563	CPI SYSCALCTEMPA,83
0002F8	F340	BRLO SYSFORLOOP3
		SYSFORLOOPEND3
0002F9	EF5F	LDI SYSVALUECOPY,255
0002FA	9350 0131	STS GLCDINDEX,SYSVALUECOPY
		SYSFORLOOP4
0002FC	9010 0131	LDS SYSTEMP1,GLCDINDEX
0002FE	9413	INC SYSTEMP1
0002FF	9210 0131	STS GLCDINDEX,SYSTEMP1
000301	E553	LDI SYSVALUECOPY,83
000302	9350 0132	STS GLCDP_X,SYSVALUECOPY
000304	9150 0131	LDS SYSVALUECOPY,GLCDINDEX
000306	9350 0133	STS GLCDP_Y,SYSVALUECOPY
000308	D027	RCALL GLCDGOTOXY
000309	E051	LDI SYSVALUECOPY,1
00030A	9350 012F	STS GLCDCOMDAT,SYSVALUECOPY
00030C	EF5F	LDI SYSVALUECOPY,255
00030D	9350 0130	STS GLCDDAT,SYSVALUECOPY
00030F	D06A	RCALL GLCDWRITE
000310	9160 0131	LDS SYSCALCTEMPA,GLCDINDEX
000312	3065	CPI SYSCALCTEMPA,5
000313	F340	BRLO SYSFORLOOP4
		SYSFORLOOPEND4
000314	EF5F	LDI SYSVALUECOPY,255
000315	9350 0131	STS GLCDINDEX,SYSVALUECOPY
		SYSFORLOOP5
000317	9010 0131	LDS SYSTEMP1,GLCDINDEX
000319	9413	INC SYSTEMP1
00031A	9210 0131	STS GLCDINDEX,SYSTEMP1
00031C	E050	LDI SYSVALUECOPY,0
00031D	9350 0132	STS GLCDP_X,SYSVALUECOPY
00031F	9150 0131	LDS SYSVALUECOPY,GLCDINDEX
000321	9350 0133	STS GLCDP_Y,SYSVALUECOPY
000323	D00C	RCALL GLCDGOTOXY
000324	E051	LDI SYSVALUECOPY,1
000325	9350 012F	STS GLCDCOMDAT,SYSVALUECOPY
000327	EF5F	LDI SYSVALUECOPY,255
000328	9350 0130	STS GLCDDAT,SYSVALUECOPY
00032A	D04F	RCALL GLCDWRITE
00032B	9160 0131	LDS SYSCALCTEMPA,GLCDINDEX
00032D	3065	CPI SYSCALCTEMPA,5
00032E	F340	BRLO SYSFORLOOP5
		SYSFORLOOPEND5
00032F	9508	RET


		GLCDGOTOXY
000330	E050	LDI SYSVALUECOPY,0
000331	9350 012F	STS GLCDCOMDAT,SYSVALUECOPY
000333	E800	LDI SYSTEMP2,128
000334	9010 0132	LDS SYSTEMP1,GLCDP_X
000336	2A10	OR SYSTEMP1,SYSTEMP2
000337	9210 0130	STS GLCDDAT,SYSTEMP1
000339	D040	RCALL GLCDWRITE
00033A	E050	LDI SYSVALUECOPY,0
00033B	9350 012F	STS GLCDCOMDAT,SYSVALUECOPY
00033D	E400	LDI SYSTEMP2,64
00033E	9010 0133	LDS SYSTEMP1,GLCDP_Y
000340	2A10	OR SYSTEMP1,SYSTEMP2
000341	9210 0130	STS GLCDDAT,SYSTEMP1
000343	C036	RJMP GLCDWRITE


		GLCDPRINT9
000344	E050	LDI SYSVALUECOPY,0
000345	9350 0131	STS GLCDINDEX,SYSVALUECOPY
000347	91A0 0136	LDS SYSSTRINGA,SYSGLCDSTRDATHANDLER
000349	91B0 0137	LDS SYSSTRINGA_H,SYSGLCDSTRDATHANDLER_H
00034B	916C	LD SYSCALCTEMPA,X
00034C	3061	CPI SYSCALCTEMPA,1
00034D	F158	BRLO SYSFORLOOPEND1
		SYSFORLOOP1
00034E	9010 0131	LDS SYSTEMP1,GLCDINDEX
000350	9413	INC SYSTEMP1
000351	9210 0131	STS GLCDINDEX,SYSTEMP1
000353	9010 0136	LDS SYSTEMP1,SYSGLCDSTRDATHANDLER
000355	9100 0131	LDS SYSTEMP2,GLCDINDEX
000357	0E10	ADD SYSTEMP1,SYSTEMP2
000358	2DA1	MOV SYSSTRINGA,SYSTEMP1
000359	9010 0137	LDS SYSTEMP1,SYSGLCDSTRDATHANDLER_H
00035B	E000	LDI SYSTEMP2,0
00035C	1E10	ADC SYSTEMP1,SYSTEMP2
00035D	2DB1	MOV SYSSTRINGA_H,SYSTEMP1
00035E	915C	LD SYSVALUECOPY,X
00035F	9350 012E	STS GLCDCHAR,SYSVALUECOPY
000361	DEE9	RCALL GLCDCHARACTER
000362	9010 0136	LDS SYSTEMP1,SYSGLCDSTRDATHANDLER
000364	9100 0131	LDS SYSTEMP2,GLCDINDEX
000366	0E10	ADD SYSTEMP1,SYSTEMP2
000367	2DA1	MOV SYSSTRINGA,SYSTEMP1
000368	9010 0137	LDS SYSTEMP1,SYSGLCDSTRDATHANDLER_H
00036A	E000	LDI SYSTEMP2,0
00036B	1E10	ADC SYSTEMP1,SYSTEMP2
00036C	2DB1	MOV SYSSTRINGA_H,SYSTEMP1
00036D	9150 012E	LDS SYSVALUECOPY,GLCDCHAR
00036F	935C	ST X,SYSVALUECOPY
000370	91A0 0136	LDS SYSSTRINGA,SYSGLCDSTRDATHANDLER
000372	91B0 0137	LDS SYSSTRINGA_H,SYSGLCDSTRDATHANDLER_H
000374	9160 0131	LDS SYSCALCTEMPA,GLCDINDEX
000376	91CC	LD SYSCALCTEMPB,X
000377	176C	CP SYSCALCTEMPA,SYSCALCTEMPB
000378	F2A8	BRLO SYSFORLOOP1
		SYSFORLOOPEND1
000379	9508	RET


		GLCDWRITE
00037A	9160 012F	LDS SYSCALCTEMPA,GLCDCOMDAT
00037C	3061	CPI SYSCALCTEMPA,1
00037D	F411	BRNE ELSE9_1
00037E	9A2E	SBI PORTB,6
00037F	C001	RJMP ENDIF9
		ELSE9_1
000380	982E	CBI PORTB,6
		ENDIF9
000381	E058	LDI SYSVALUECOPY,8
000382	9350 0139	STS SYSREPEATTEMP2,SYSVALUECOPY
		SYSREPEATLOOP2
000384	982C	CBI PORTB,4
000385	9050 0130	LDS SYSBITTEST,GLCDDAT
000387	FE57	SBRS SYSBITTEST,7
000388	C002	RJMP ELSE10_1
000389	9A2D	SBI PORTB,5
00038A	C001	RJMP ENDIF10
		ELSE10_1
00038B	982D	CBI PORTB,5
		ENDIF10
00038C	9160 0130	LDS SYSBYTETEMPA,GLCDDAT
00038E	1F66	ROL SYSBYTETEMPA
00038F	9360 0130	STS GLCDDAT,SYSBYTETEMPA
000391	9A2C	SBI PORTB,4
000392	9010 0139	LDS SYSTEMP1,SYSREPEATTEMP2
000394	941A	DEC SYSTEMP1
000395	9210 0139	STS SYSREPEATTEMP2,SYSTEMP1
000397	F761	BRNE SYSREPEATLOOP2
		SYSREPEATLOOPEND2
000398	9508	RET


		INITGLCD
000399	982F	CBI PORTB,7
00039A	E6D4	LDI SYSWAITTEMPMS,100
00039B	E0E0	LDI SYSWAITTEMPMS_H,0
00039C	DE9C	RCALL DELAY_MS
00039D	9A2F	SBI PORTB,7
00039E	E050	LDI SYSVALUECOPY,0
00039F	9350 012F	STS GLCDCOMDAT,SYSVALUECOPY
0003A1	E251	LDI SYSVALUECOPY,33
0003A2	9350 0130	STS GLCDDAT,SYSVALUECOPY
0003A4	DFD5	RCALL GLCDWRITE
0003A5	E050	LDI SYSVALUECOPY,0
0003A6	9350 012F	STS GLCDCOMDAT,SYSVALUECOPY
0003A8	EB5F	LDI SYSVALUECOPY,191
0003A9	9350 0130	STS GLCDDAT,SYSVALUECOPY
0003AB	DFCE	RCALL GLCDWRITE
0003AC	E050	LDI SYSVALUECOPY,0
0003AD	9350 012F	STS GLCDCOMDAT,SYSVALUECOPY
0003AF	E054	LDI SYSVALUECOPY,4
0003B0	9350 0130	STS GLCDDAT,SYSVALUECOPY
0003B2	DFC7	RCALL GLCDWRITE
0003B3	E050	LDI SYSVALUECOPY,0
0003B4	9350 012F	STS GLCDCOMDAT,SYSVALUECOPY
0003B6	E154	LDI SYSVALUECOPY,20
0003B7	9350 0130	STS GLCDDAT,SYSVALUECOPY
0003B9	DFC0	RCALL GLCDWRITE
0003BA	E050	LDI SYSVALUECOPY,0
0003BB	9350 012F	STS GLCDCOMDAT,SYSVALUECOPY
0003BD	E05C	LDI SYSVALUECOPY,12
0003BE	9350 0130	STS GLCDDAT,SYSVALUECOPY
0003C0	DFB9	RCALL GLCDWRITE
0003C1	E050	LDI SYSVALUECOPY,0
0003C2	9350 012F	STS GLCDCOMDAT,SYSVALUECOPY
0003C4	E250	LDI SYSVALUECOPY,32
0003C5	9350 0130	STS GLCDDAT,SYSVALUECOPY
0003C7	DFB2	RCALL GLCDWRITE
0003C8	E050	LDI SYSVALUECOPY,0
0003C9	9350 012F	STS GLCDCOMDAT,SYSVALUECOPY
0003CB	E05C	LDI SYSVALUECOPY,12
0003CC	9350 0130	STS GLCDDAT,SYSVALUECOPY
0003CE	CFAB	RJMP GLCDWRITE


		INITSYS
0003CF	E050	LDI SYSVALUECOPY,0
0003D0	B955	OUT PORTB,SYSVALUECOPY
0003D1	E050	LDI SYSVALUECOPY,0
0003D2	B958	OUT PORTC,SYSVALUECOPY
0003D3	E050	LDI SYSVALUECOPY,0
0003D4	B95B	OUT PORTD,SYSVALUECOPY
0003D5	9508	RET


		SYSREADSTRING
0003D6	95C8	LPM
0003D7	2D60	MOV SYSCALCTEMPA, SYSCALCTEMPX
0003D8	95E3	INC SYSREADA
0003D9	F409	BRNE PC + 2
0003DA	95F3	INC SYSREADA_H
0003DB	9369	ST Y+, SYSCALCTEMPA
0003DC	C006	RJMP SYSSTRINGREADCHECK
		SYSREADSTRINGPART
0003DD	95C8	LPM
0003DE	2D60	MOV SYSCALCTEMPA, SYSCALCTEMPX
0003DF	95E3	INC SYSREADA
0003E0	F409	BRNE PC + 2
0003E1	95F3	INC SYSREADA_H
0003E2	0F96	ADD SYSSTRINGLENGTH, SYSCALCTEMPA
		SYSSTRINGREADCHECK
0003E3	3060	CPI SYSCALCTEMPA, 0
0003E4	F409	BRNE SYSSTRINGREAD
0003E5	9508	RET
		SYSSTRINGREAD
0003E6	95C8	LPM
0003E7	95E3	INC SYSREADA
0003E8	F409	BRNE PC + 2
0003E9	95F3	INC SYSREADA_H
0003EA	9209	ST Y+, SYSCALCTEMPX
0003EB	956A	DEC SYSCALCTEMPA
0003EC	F7C9	BRNE SYSSTRINGREAD
0003ED	9508	RET


		SYSSTRINGTABLES

		STRINGTABLE1
0003EE	200B 4420 7369 6C70 7961 3120	RAW 200B,4420,7369,6C70,7961,3120


		STRINGTABLE2
0003F4	200B 4420 7369 6C70 7961 3220	RAW 200B,4420,7369,6C70,7961,3220


		STRINGTABLE3
0003FA	2001	RAW 2001


		STRINGTABLE4
0003FB	2A01	RAW 2A01



