GCASM List File (GCBASIC 0.94 2015-10-27)

Symbols:
A 	EQU 	0
ABDEN 	EQU 	0
ABDOVF 	EQU 	7
ACCESS 	EQU 	0
ACKDT 	EQU 	5
ACKEN 	EQU 	4
ACKSTAT 	EQU 	6
ACQT0 	EQU 	3
ACQT1 	EQU 	4
ACQT2 	EQU 	5
ACTVIE 	EQU 	2
ACTVIF 	EQU 	2
ADCON0 	EQU 	4034
ADCON1 	EQU 	4033
ADCON2 	EQU 	4032
ADCS0 	EQU 	0
ADCS1 	EQU 	1
ADCS2 	EQU 	2
ADDEN 	EQU 	3
ADDR0 	EQU 	0
ADDR1 	EQU 	1
ADDR2 	EQU 	2
ADDR3 	EQU 	3
ADDR4 	EQU 	4
ADDR5 	EQU 	5
ADDR6 	EQU 	6
ADEN 	EQU 	3
ADFM 	EQU 	7
ADIE 	EQU 	6
ADIF 	EQU 	6
ADIP 	EQU 	6
ADON 	EQU 	0
ADRES 	EQU 	4035
ADRESH 	EQU 	4036
ADRESL 	EQU 	4035
AFSR0 	EQU 	4073
AFSR0 	EQU 	4073
AFSR0_H 	EQU 	4074
AFSR0_H 	EQU 	4074
AN0 	EQU 	0
AN1 	EQU 	1
AN2 	EQU 	2
AN3 	EQU 	3
AN4 	EQU 	5
ANIMATE 	EQU 	364
ASCII_TABLE_H 	EQU 	730
ASCII_TABLE_L 	EQU 	998
B 	EQU 	1
BANKED 	EQU 	1
BASPROGRAMEND 	EQU 	360
BASPROGRAMSTART 	EQU 	12
BAUDCON 	EQU 	4024
BCLIE 	EQU 	3
BCLIF 	EQU 	3
BCLIP 	EQU 	3
BF 	EQU 	0
BGST 	EQU 	5
BOR 	EQU 	0
BRG16 	EQU 	3
BRGH 	EQU 	2
BSR 	EQU 	4064
BTOEE 	EQU 	4
BTOEF 	EQU 	4
BTSEE 	EQU 	7
BTSEF 	EQU 	7
C 	EQU 	0
C1INV 	EQU 	4
C1OUT 	EQU 	6
C2INV 	EQU 	5
C2OUT 	EQU 	7
CCP1 	EQU 	2
CCP1AS 	EQU 	4022
CCP1CON 	EQU 	4029
CCP1DEL 	EQU 	4023
CCP1IE 	EQU 	2
CCP1IF 	EQU 	2
CCP1IP 	EQU 	2
CCP1M0 	EQU 	0
CCP1M1 	EQU 	1
CCP1M2 	EQU 	2
CCP1M3 	EQU 	3
CCP2CON 	EQU 	4026
CCP2IE 	EQU 	0
CCP2IF 	EQU 	0
CCP2IP 	EQU 	0
CCP2M0 	EQU 	0
CCP2M1 	EQU 	1
CCP2M2 	EQU 	2
CCP2M3 	EQU 	3
CCPR1 	EQU 	4030
CCPR1H 	EQU 	4031
CCPR1L 	EQU 	4030
CCPR2 	EQU 	4027
CCPR2H 	EQU 	4028
CCPR2L 	EQU 	4027
CC_X 	EQU 	9
CFGS 	EQU 	6
CHARLINE 	EQU 	10
CHS0 	EQU 	2
CHS1 	EQU 	3
CHS2 	EQU 	4
CHS3 	EQU 	5
CIS 	EQU 	3
CK 	EQU 	6
CKE 	EQU 	6
CKP 	EQU 	4
CM0 	EQU 	0
CM1 	EQU 	1
CM2 	EQU 	2
CMCON 	EQU 	4020
CMIE 	EQU 	6
CMIF 	EQU 	6
CMIP 	EQU 	6
CRC16EE 	EQU 	2
CRC16EF 	EQU 	2
CRC5EE 	EQU 	1
CRC5EF 	EQU 	1
CREN 	EQU 	4
CSRC 	EQU 	7
CVR0 	EQU 	0
CVR1 	EQU 	1
CVR2 	EQU 	2
CVR3 	EQU 	3
CVRCON 	EQU 	4021
CVREF 	EQU 	4
CVREN 	EQU 	7
CVROE 	EQU 	6
CVRR 	EQU 	5
CVRSS 	EQU 	4
C_X 	EQU 	11
C_Y 	EQU 	12
D 	EQU 	5
DATA_ADDRESS 	EQU 	5
DC 	EQU 	1
DC1B0 	EQU 	4
DC1B1 	EQU 	5
DC2B0 	EQU 	4
DC2B1 	EQU 	5
DDRA 	EQU 	3986
DDRA_RA0 	EQU 	0
DDRA_RA1 	EQU 	1
DDRA_RA2 	EQU 	2
DDRA_RA3 	EQU 	3
DDRA_RA4 	EQU 	4
DDRA_RA5 	EQU 	5
DDRA_RA6 	EQU 	6
DDRB 	EQU 	3987
DDRB_RB0 	EQU 	0
DDRB_RB1 	EQU 	1
DDRB_RB2 	EQU 	2
DDRB_RB3 	EQU 	3
DDRB_RB4 	EQU 	4
DDRB_RB5 	EQU 	5
DDRB_RB6 	EQU 	6
DDRB_RB7 	EQU 	7
DDRC 	EQU 	3988
DDRC_RC0 	EQU 	0
DDRC_RC1 	EQU 	1
DDRC_RC2 	EQU 	2
DDRC_RC6 	EQU 	6
DDRC_RC7 	EQU 	7
DELAYTEMP 	EQU 	0
DELAYTEMP2 	EQU 	1
DELAY_MS 	EQU 	1266
DELAY_S 	EQU 	1294
DFN8EE 	EQU 	3
DFN8EF 	EQU 	3
DIR 	EQU 	2
DISPLAY 	EQU 	13
DMS_INNER 	EQU 	1276
DMS_OUTER 	EQU 	1272
DMS_START 	EQU 	1268
DONE 	EQU 	1
DS_START 	EQU 	1294
D_A 	EQU 	5
D_X 	EQU 	14
D_Y 	EQU 	15
ECCP1AS 	EQU 	4022
ECCP1AS_ECCPAS0 	EQU 	4
ECCP1AS_ECCPAS1 	EQU 	5
ECCP1AS_ECCPAS2 	EQU 	6
ECCP1AS_ECCPASE 	EQU 	7
ECCP1AS_PSSAC0 	EQU 	2
ECCP1AS_PSSAC1 	EQU 	3
ECCP1DEL 	EQU 	4023
ECCP1DEL_PRSEN 	EQU 	7
ECCPAS0 	EQU 	4
ECCPAS1 	EQU 	5
ECCPAS2 	EQU 	6
ECCPASE 	EQU 	7
EEADR 	EQU 	4009
EECON1 	EQU 	4006
EECON2 	EQU 	4007
EEDATA 	EQU 	4008
EEIE 	EQU 	4
EEIF 	EQU 	4
EEIP 	EQU 	4
EEPGD 	EQU 	7
ELSE13_1 	EQU 	1666
ELSE14_1 	EQU 	1682
ELSE1_1 	EQU 	418
ELSE24_1 	EQU 	1364
ELSE2_1 	EQU 	510
ELSE3_1 	EQU 	524
ELSE8_1 	EQU 	622
ENDIF1 	EQU 	464
ENDIF10 	EQU 	464
ENDIF11 	EQU 	620
ENDIF12 	EQU 	672
ENDIF13 	EQU 	1668
ENDIF14 	EQU 	1684
ENDIF2 	EQU 	514
ENDIF21 	EQU 	1766
ENDIF24 	EQU 	1408
ENDIF3 	EQU 	526
ENDIF4 	EQU 	538
ENDIF6 	EQU 	556
ENDIF8 	EQU 	672
ENDIF9 	EQU 	416
ENDP0 	EQU 	3
ENDP1 	EQU 	4
ENDP2 	EQU 	5
ENDP3 	EQU 	6
EPCONDIS 	EQU 	3
EPHSHK 	EQU 	4
EPINEN 	EQU 	1
EPOUTEN 	EQU 	2
EPSTALL 	EQU 	0
F 	EQU 	1
FERR 	EQU 	2
FLTS 	EQU 	2
FREE 	EQU 	4
FRM0 	EQU 	0
FRM1 	EQU 	1
FRM10 	EQU 	2
FRM2 	EQU 	2
FRM3 	EQU 	3
FRM4 	EQU 	4
FRM5 	EQU 	5
FRM6 	EQU 	6
FRM7 	EQU 	7
FRM8 	EQU 	0
FRM9 	EQU 	1
FSEN 	EQU 	2
FSR0H 	EQU 	4074
FSR0L 	EQU 	4073
FSR1H 	EQU 	4066
FSR1L 	EQU 	4065
FSR2H 	EQU 	4058
FSR2L 	EQU 	4057
GCEN 	EQU 	7
GIE 	EQU 	7
GIEH 	EQU 	7
GIEL 	EQU 	6
GLCDCHAR 	EQU 	16
GLCDCHARACTER 	EQU 	1310
GLCDCLEAR 	EQU 	1416
GLCDCOMDAT 	EQU 	17
GLCDDAT 	EQU 	18
GLCDDRAWFRAME 	EQU 	1442
GLCDGOTOXY 	EQU 	1564
GLCDINDEX 	EQU 	19
GLCDPRINT9 	EQU 	1584
GLCDP_X 	EQU 	20
GLCDP_Y 	EQU 	21
GLCDWRITE 	EQU 	1656
GO 	EQU 	1
GO_DONE 	EQU 	1
HLVDCON 	EQU 	4050
HLVDEN 	EQU 	4
HLVDIE 	EQU 	2
HLVDIF 	EQU 	2
HLVDIN 	EQU 	5
HLVDIP 	EQU 	2
HLVDL0 	EQU 	0
HLVDL1 	EQU 	1
HLVDL2 	EQU 	2
HLVDL3 	EQU 	3
HSERPRINT125 	EQU 	1702
HSERSEND 	EQU 	1768
I2C_DAT 	EQU 	5
I2C_READ 	EQU 	2
I2C_START 	EQU 	3
I2C_STOP 	EQU 	4
IDLEIE 	EQU 	4
IDLEIF 	EQU 	4
IDLEN 	EQU 	7
INDF0 	EQU 	4079
INDF1 	EQU 	4071
INDF2 	EQU 	4063
INITGLCD 	EQU 	1778
INITSYS 	EQU 	1846
INITUSART 	EQU 	1876
INT0 	EQU 	0
INT0E 	EQU 	4
INT0F 	EQU 	1
INT0IE 	EQU 	4
INT0IF 	EQU 	1
INT1 	EQU 	1
INT1E 	EQU 	3
INT1F 	EQU 	0
INT1IE 	EQU 	3
INT1IF 	EQU 	0
INT1IP 	EQU 	6
INT1P 	EQU 	6
INT2 	EQU 	2
INT2E 	EQU 	4
INT2F 	EQU 	1
INT2IE 	EQU 	4
INT2IF 	EQU 	1
INT2IP 	EQU 	7
INT2P 	EQU 	7
INTCON 	EQU 	4082
INTCON2 	EQU 	4081
INTCON3 	EQU 	4080
INTEDG0 	EQU 	6
INTEDG1 	EQU 	5
INTEDG2 	EQU 	4
INTSRC 	EQU 	7
IOFS 	EQU 	2
IPEN 	EQU 	7
IPR1 	EQU 	3999
IPR2 	EQU 	4002
IRCF0 	EQU 	4
IRCF1 	EQU 	5
IRCF2 	EQU 	6
IRVST 	EQU 	5
IVRST 	EQU 	5
LATA 	EQU 	3977
LATA0 	EQU 	0
LATA1 	EQU 	1
LATA2 	EQU 	2
LATA3 	EQU 	3
LATA4 	EQU 	4
LATA5 	EQU 	5
LATA6 	EQU 	6
LATB 	EQU 	3978
LATB0 	EQU 	0
LATB1 	EQU 	1
LATB2 	EQU 	2
LATB3 	EQU 	3
LATB4 	EQU 	4
LATB5 	EQU 	5
LATB6 	EQU 	6
LATB7 	EQU 	7
LATC 	EQU 	3979
LATC0 	EQU 	0
LATC1 	EQU 	1
LATC2 	EQU 	2
LATC6 	EQU 	6
LATC7 	EQU 	7
LVDCON 	EQU 	4050
LVDCON_BGST 	EQU 	5
LVDCON_HLVDEN 	EQU 	4
LVDCON_HLVDL0 	EQU 	0
LVDCON_HLVDL1 	EQU 	1
LVDCON_HLVDL2 	EQU 	2
LVDCON_HLVDL3 	EQU 	3
LVDCON_IRVST 	EQU 	5
LVDCON_IVRST 	EQU 	5
LVDCON_LVDEN 	EQU 	4
LVDCON_LVDL0 	EQU 	0
LVDCON_LVDL1 	EQU 	1
LVDCON_LVDL2 	EQU 	2
LVDCON_LVDL3 	EQU 	3
LVDCON_LVV0 	EQU 	0
LVDCON_LVV1 	EQU 	1
LVDCON_LVV2 	EQU 	2
LVDCON_LVV3 	EQU 	3
LVDCON_VDIRMAG 	EQU 	7
LVDEN 	EQU 	4
LVDIE 	EQU 	2
LVDIF 	EQU 	2
LVDIN 	EQU 	5
LVDIP 	EQU 	2
LVDL0 	EQU 	0
LVDL1 	EQU 	1
LVDL2 	EQU 	2
LVDL3 	EQU 	3
LVV0 	EQU 	0
LVV1 	EQU 	1
LVV2 	EQU 	2
LVV3 	EQU 	3
N 	EQU 	4
NOT_A 	EQU 	5
NOT_ADDRESS 	EQU 	5
NOT_BOR 	EQU 	0
NOT_DONE 	EQU 	1
NOT_IPEN 	EQU 	7
NOT_PD 	EQU 	2
NOT_POR 	EQU 	1
NOT_RBPU 	EQU 	7
NOT_RI 	EQU 	4
NOT_T1SYNC 	EQU 	2
NOT_T3SYNC 	EQU 	2
NOT_TO 	EQU 	3
NOT_W 	EQU 	2
NOT_WRITE 	EQU 	2
OERR 	EQU 	1
OSC2 	EQU 	6
OSCCON 	EQU 	4051
OSCFIE 	EQU 	7
OSCFIF 	EQU 	7
OSCFIP 	EQU 	7
OSCTUNE 	EQU 	3995
OSTS 	EQU 	3
OV 	EQU 	3
P 	EQU 	4
P1A 	EQU 	2
PC 	EQU 	4089
PCFG0 	EQU 	0
PCFG1 	EQU 	1
PCFG2 	EQU 	2
PCFG3 	EQU 	3
PCL 	EQU 	4089
PCLATH 	EQU 	4090
PCLATU 	EQU 	4091
PD 	EQU 	2
PEIE 	EQU 	6
PEN 	EQU 	2
PGC 	EQU 	6
PGD 	EQU 	7
PGM 	EQU 	5
PIDEE 	EQU 	0
PIDEF 	EQU 	0
PIE1 	EQU 	3997
PIE2 	EQU 	4000
PIR1 	EQU 	3998
PIR2 	EQU 	4001
PKTDIS 	EQU 	4
PLUSW0 	EQU 	4075
PLUSW1 	EQU 	4067
PLUSW2 	EQU 	4059
POR 	EQU 	1
PORTA 	EQU 	3968
PORTB 	EQU 	3969
PORTC 	EQU 	3970
PORTE 	EQU 	3972
POSTDEC0 	EQU 	4077
POSTDEC1 	EQU 	4069
POSTDEC2 	EQU 	4061
POSTINC0 	EQU 	4078
POSTINC1 	EQU 	4070
POSTINC2 	EQU 	4062
PPB0 	EQU 	0
PPB1 	EQU 	1
PPBI 	EQU 	1
PPBRST 	EQU 	6
PR2 	EQU 	4043
PREINC0 	EQU 	4076
PREINC1 	EQU 	4068
PREINC2 	EQU 	4060
PRINTLEN 	EQU 	22
PROD 	EQU 	4083
PRODH 	EQU 	4084
PRODL 	EQU 	4083
PRSEN 	EQU 	7
PSA 	EQU 	3
PSSAC0 	EQU 	2
PSSAC1 	EQU 	3
R 	EQU 	2
RA0 	EQU 	0
RA1 	EQU 	1
RA2 	EQU 	2
RA3 	EQU 	3
RA4 	EQU 	4
RA5 	EQU 	5
RA6 	EQU 	6
RB0 	EQU 	0
RB1 	EQU 	1
RB2 	EQU 	2
RB3 	EQU 	3
RB4 	EQU 	4
RB5 	EQU 	5
RB6 	EQU 	6
RB7 	EQU 	7
RBIE 	EQU 	3
RBIF 	EQU 	0
RBIP 	EQU 	0
RBPU 	EQU 	7
RC0 	EQU 	0
RC1 	EQU 	1
RC2 	EQU 	2
RC4 	EQU 	4
RC5 	EQU 	5
RC6 	EQU 	6
RC7 	EQU 	7
RCEN 	EQU 	3
RCIDL 	EQU 	6
RCIE 	EQU 	5
RCIF 	EQU 	5
RCIP 	EQU 	5
RCMT 	EQU 	6
RCON 	EQU 	4048
RCREG 	EQU 	4014
RCSTA 	EQU 	4011
RD 	EQU 	0
RD16 	EQU 	7
RE3 	EQU 	3
READ_WRITE 	EQU 	2
RESUME 	EQU 	2
RI 	EQU 	4
RSEN 	EQU 	1
RX 	EQU 	7
RX9 	EQU 	6
RX9D 	EQU 	0
RXDTP 	EQU 	5
R_W 	EQU 	2
S 	EQU 	3
SBOREN 	EQU 	6
SCKP 	EQU 	4
SCS0 	EQU 	0
SCS1 	EQU 	1
SE0 	EQU 	5
SEN 	EQU 	0
SENDB 	EQU 	3
SERDATA 	EQU 	23
SMP 	EQU 	7
SOFIE 	EQU 	6
SOFIF 	EQU 	6
SPBRG 	EQU 	4015
SPBRGH 	EQU 	4016
SPEN 	EQU 	7
SREN 	EQU 	5
SSPADD 	EQU 	4040
SSPBUF 	EQU 	4041
SSPCON1 	EQU 	4038
SSPCON2 	EQU 	4037
SSPEN 	EQU 	5
SSPIE 	EQU 	3
SSPIF 	EQU 	3
SSPIP 	EQU 	3
SSPM0 	EQU 	0
SSPM1 	EQU 	1
SSPM2 	EQU 	2
SSPM3 	EQU 	3
SSPOV 	EQU 	6
SSPSTAT 	EQU 	4039
STALLIE 	EQU 	5
STALLIF 	EQU 	5
STATUS 	EQU 	4056
STKFUL 	EQU 	7
STKPTR 	EQU 	4092
STKPTR0 	EQU 	0
STKPTR1 	EQU 	1
STKPTR2 	EQU 	2
STKPTR3 	EQU 	3
STKPTR4 	EQU 	4
STKUNF 	EQU 	6
STRINGPOINTER 	EQU 	25
STRINGTABLE1 	EQU 	1938
STRINGTABLE2 	EQU 	1952
STRINGTABLE3 	EQU 	1966
STRINGTABLE4 	EQU 	1970
STRINGTABLE5 	EQU 	1974
STRINGTABLE6 	EQU 	1996
SUSPND 	EQU 	1
SWDTE 	EQU 	0
SWDTEN 	EQU 	0
SYNC 	EQU 	4
SYSCALCTEMPA 	EQU 	5
SYSDOLOOP_E1 	EQU 	360
SYSDOLOOP_S1 	EQU 	334
SYSFORLOOP1 	EQU 	1602
SYSFORLOOP2 	EQU 	1444
SYSFORLOOP3 	EQU 	1474
SYSFORLOOP4 	EQU 	1506
SYSFORLOOP5 	EQU 	1536
SYSFORLOOP6 	EQU 	1730
SYSFORLOOPEND1 	EQU 	1654
SYSFORLOOPEND2 	EQU 	1472
SYSFORLOOPEND3 	EQU 	1504
SYSFORLOOPEND4 	EQU 	1534
SYSFORLOOPEND5 	EQU 	1562
SYSFORLOOPEND6 	EQU 	1766
SYSGLCDSTRDATHANDLER 	EQU 	26
SYSGLCDSTRDATHANDLER_H 	EQU 	27
SYSPRINTDATAHANDLER 	EQU 	28
SYSPRINTDATAHANDLER_H 	EQU 	29
SYSPRINTTEMP 	EQU 	24
SYSREADSTRING 	EQU 	1896
SYSREADSTRINGPART 	EQU 	1910
SYSREPEATLOOP1 	EQU 	40
SYSREPEATLOOP2 	EQU 	1672
SYSREPEATLOOP3 	EQU 	1424
SYSREPEATLOOP4 	EQU 	1334
SYSREPEATLOOP5 	EQU 	1380
SYSREPEATLOOPEND1 	EQU 	318
SYSREPEATLOOPEND2 	EQU 	1700
SYSREPEATLOOPEND3 	EQU 	1440
SYSREPEATLOOPEND4 	EQU 	1362
SYSREPEATLOOPEND5 	EQU 	1408
SYSREPEATTEMP1 	EQU 	30
SYSREPEATTEMP2 	EQU 	31
SYSREPEATTEMP3 	EQU 	32
SYSREPEATTEMP3_H 	EQU 	33
SYSREPEATTEMP4 	EQU 	34
SYSSTRINGA 	EQU 	7
SYSSTRINGA_H 	EQU 	8
SYSSTRINGLENGTH 	EQU 	6
SYSSTRINGPARAM1 	EQU 	2006
SYSSTRINGREAD 	EQU 	1926
SYSSTRINGREADCHECK 	EQU 	1920
SYSSTRINGTABLES 	EQU 	1938
SYSTEMP1 	EQU 	35
SYSWAITLOOP1 	EQU 	1768
SYSWAITTEMPMS 	EQU 	2
SYSWAITTEMPMS_H 	EQU 	3
SYSWAITTEMPS 	EQU 	4
SYSWAITTEMPUS 	EQU 	5
SYSWAITTEMPUS_H 	EQU 	6
T08BIT 	EQU 	6
T0CKI 	EQU 	4
T0CON 	EQU 	4053
T0CS 	EQU 	5
T0IE 	EQU 	5
T0IF 	EQU 	2
T0IP 	EQU 	2
T0PS0 	EQU 	0
T0PS1 	EQU 	1
T0PS2 	EQU 	2
T0SE 	EQU 	4
T13CKI 	EQU 	0
T1CKPS0 	EQU 	4
T1CKPS1 	EQU 	5
T1CON 	EQU 	4045
T1CON_RD16 	EQU 	7
T1OSCEN 	EQU 	3
T1OSI 	EQU 	1
T1OSO 	EQU 	0
T1RUN 	EQU 	6
T1SYNC 	EQU 	2
T2CKPS0 	EQU 	0
T2CKPS1 	EQU 	1
T2CON 	EQU 	4042
T2OUTPS0 	EQU 	3
T2OUTPS1 	EQU 	4
T2OUTPS2 	EQU 	5
T2OUTPS3 	EQU 	6
T3CCP1 	EQU 	3
T3CCP2 	EQU 	6
T3CKPS0 	EQU 	4
T3CKPS1 	EQU 	5
T3CON 	EQU 	4017
T3NSYNC 	EQU 	2
T3SYNC 	EQU 	2
TABLAT 	EQU 	4085
TABLEASCII_TABLE_H 	EQU 	756
TABLEASCII_TABLE_L 	EQU 	1024
TBLPTR 	EQU 	4086
TBLPTRH 	EQU 	4087
TBLPTRL 	EQU 	4086
TBLPTRU 	EQU 	4088
TMR0H 	EQU 	4055
TMR0IE 	EQU 	5
TMR0IF 	EQU 	2
TMR0IP 	EQU 	2
TMR0L 	EQU 	4054
TMR0ON 	EQU 	7
TMR1CS 	EQU 	1
TMR1H 	EQU 	4047
TMR1IE 	EQU 	0
TMR1IF 	EQU 	0
TMR1IP 	EQU 	0
TMR1L 	EQU 	4046
TMR1ON 	EQU 	0
TMR2 	EQU 	4044
TMR2IE 	EQU 	1
TMR2IF 	EQU 	1
TMR2IP 	EQU 	1
TMR2ON 	EQU 	2
TMR3CS 	EQU 	1
TMR3H 	EQU 	4019
TMR3IE 	EQU 	1
TMR3IF 	EQU 	1
TMR3IP 	EQU 	1
TMR3L 	EQU 	4018
TMR3ON 	EQU 	0
TO 	EQU 	3
TOS 	EQU 	4093
TOSH 	EQU 	4094
TOSL 	EQU 	4093
TOSU 	EQU 	4095
TRISA 	EQU 	3986
TRISA0 	EQU 	0
TRISA1 	EQU 	1
TRISA2 	EQU 	2
TRISA3 	EQU 	3
TRISA4 	EQU 	4
TRISA5 	EQU 	5
TRISA6 	EQU 	6
TRISB 	EQU 	3987
TRISB0 	EQU 	0
TRISB1 	EQU 	1
TRISB2 	EQU 	2
TRISB3 	EQU 	3
TRISB4 	EQU 	4
TRISB5 	EQU 	5
TRISB6 	EQU 	6
TRISB7 	EQU 	7
TRISC 	EQU 	3988
TRISC0 	EQU 	0
TRISC1 	EQU 	1
TRISC2 	EQU 	2
TRISC6 	EQU 	6
TRISC7 	EQU 	7
TRMT 	EQU 	1
TRNIE 	EQU 	3
TRNIF 	EQU 	3
TUN0 	EQU 	0
TUN1 	EQU 	1
TUN2 	EQU 	2
TUN3 	EQU 	3
TUN4 	EQU 	4
TX 	EQU 	6
TX9 	EQU 	6
TX9D 	EQU 	0
TXCKP 	EQU 	4
TXEN 	EQU 	5
TXIE 	EQU 	4
TXIF 	EQU 	4
TXIP 	EQU 	4
TXREG 	EQU 	4013
TXSTA 	EQU 	4012
UA 	EQU 	1
UADDR 	EQU 	3950
UCFG 	EQU 	3951
UCON 	EQU 	3949
UEIE 	EQU 	3947
UEIR 	EQU 	3946
UEP0 	EQU 	3952
UEP1 	EQU 	3953
UEP10 	EQU 	3962
UEP10_EPCONDIS 	EQU 	3
UEP10_EPHSHK 	EQU 	4
UEP10_EPINEN 	EQU 	1
UEP10_EPOUTEN 	EQU 	2
UEP10_EPSTALL 	EQU 	0
UEP11 	EQU 	3963
UEP11_EPCONDIS 	EQU 	3
UEP11_EPHSHK 	EQU 	4
UEP11_EPINEN 	EQU 	1
UEP11_EPOUTEN 	EQU 	2
UEP11_EPSTALL 	EQU 	0
UEP12 	EQU 	3964
UEP12_EPCONDIS 	EQU 	3
UEP12_EPHSHK 	EQU 	4
UEP12_EPINEN 	EQU 	1
UEP12_EPOUTEN 	EQU 	2
UEP12_EPSTALL 	EQU 	0
UEP13 	EQU 	3965
UEP13_EPCONDIS 	EQU 	3
UEP13_EPHSHK 	EQU 	4
UEP13_EPINEN 	EQU 	1
UEP13_EPOUTEN 	EQU 	2
UEP13_EPSTALL 	EQU 	0
UEP14 	EQU 	3966
UEP14_EPCONDIS 	EQU 	3
UEP14_EPHSHK 	EQU 	4
UEP14_EPINEN 	EQU 	1
UEP14_EPOUTEN 	EQU 	2
UEP14_EPSTALL 	EQU 	0
UEP15 	EQU 	3967
UEP15_EPCONDIS 	EQU 	3
UEP15_EPHSHK 	EQU 	4
UEP15_EPINEN 	EQU 	1
UEP15_EPOUTEN 	EQU 	2
UEP15_EPSTALL 	EQU 	0
UEP1_EPCONDIS 	EQU 	3
UEP1_EPHSHK 	EQU 	4
UEP1_EPINEN 	EQU 	1
UEP1_EPOUTEN 	EQU 	2
UEP1_EPSTALL 	EQU 	0
UEP2 	EQU 	3954
UEP2_EPCONDIS 	EQU 	3
UEP2_EPHSHK 	EQU 	4
UEP2_EPINEN 	EQU 	1
UEP2_EPOUTEN 	EQU 	2
UEP2_EPSTALL 	EQU 	0
UEP3 	EQU 	3955
UEP3_EPCONDIS 	EQU 	3
UEP3_EPHSHK 	EQU 	4
UEP3_EPINEN 	EQU 	1
UEP3_EPOUTEN 	EQU 	2
UEP3_EPSTALL 	EQU 	0
UEP4 	EQU 	3956
UEP4_EPCONDIS 	EQU 	3
UEP4_EPHSHK 	EQU 	4
UEP4_EPINEN 	EQU 	1
UEP4_EPOUTEN 	EQU 	2
UEP4_EPSTALL 	EQU 	0
UEP5 	EQU 	3957
UEP5_EPCONDIS 	EQU 	3
UEP5_EPHSHK 	EQU 	4
UEP5_EPINEN 	EQU 	1
UEP5_EPOUTEN 	EQU 	2
UEP5_EPSTALL 	EQU 	0
UEP6 	EQU 	3958
UEP6_EPCONDIS 	EQU 	3
UEP6_EPHSHK 	EQU 	4
UEP6_EPINEN 	EQU 	1
UEP6_EPOUTEN 	EQU 	2
UEP6_EPSTALL 	EQU 	0
UEP7 	EQU 	3959
UEP7_EPCONDIS 	EQU 	3
UEP7_EPHSHK 	EQU 	4
UEP7_EPINEN 	EQU 	1
UEP7_EPOUTEN 	EQU 	2
UEP7_EPSTALL 	EQU 	0
UEP8 	EQU 	3960
UEP8_EPCONDIS 	EQU 	3
UEP8_EPHSHK 	EQU 	4
UEP8_EPINEN 	EQU 	1
UEP8_EPOUTEN 	EQU 	2
UEP8_EPSTALL 	EQU 	0
UEP9 	EQU 	3961
UEP9_EPCONDIS 	EQU 	3
UEP9_EPHSHK 	EQU 	4
UEP9_EPINEN 	EQU 	1
UEP9_EPOUTEN 	EQU 	2
UEP9_EPSTALL 	EQU 	0
UERRIE 	EQU 	1
UERRIF 	EQU 	1
UFRM 	EQU 	3942
UFRMH 	EQU 	3943
UFRML 	EQU 	3942
UIE 	EQU 	3945
UIR 	EQU 	3944
UOEMON 	EQU 	6
UPUEN 	EQU 	4
URSTIE 	EQU 	0
URSTIF 	EQU 	0
USBEN 	EQU 	3
USBIE 	EQU 	5
USBIF 	EQU 	5
USBIP 	EQU 	5
USTAT 	EQU 	3948
UTEYE 	EQU 	7
UTRDIS 	EQU 	3
VCFG0 	EQU 	4
VCFG1 	EQU 	5
VDIRMAG 	EQU 	7
VREFM 	EQU 	2
VREFP 	EQU 	3
W 	EQU 	0
WCOL 	EQU 	7
WDTCON 	EQU 	4049
WR 	EQU 	1
WREG 	EQU 	4072
WREN 	EQU 	2
WRERR 	EQU 	3
WUE 	EQU 	1
Z 	EQU 	2

Code:
Loc	Obj Code	Original Assembly










































000000	EF06 F000	GOTO BASPROGRAMSTART

000008	0010	RETFIE



		BASPROGRAMSTART
00000C	DB94	RCALL INITSYS
00000E	DBA2	RCALL INITUSART
000010	9E93	BCF TRISB,7,ACCESS
000012	9C93	BCF TRISB,6,ACCESS
000014	9A93	BCF TRISB,5,ACCESS
000016	9893	BCF TRISB,4,ACCESS
000018	9693	BCF TRISB,3,ACCESS
00001A	9493	BCF TRISB,2,ACCESS
00001C	9093	BCF TRISB,0,ACCESS

00001E	968A	BCF LATB,3,ACCESS
000020	948A	BCF LATB,2,ACCESS
000022	DB67	RCALL INITGLCD
000024	0E03	MOVLW 3
000026	6F1E	MOVWF SYSREPEATTEMP1,BANKED
		SYSREPEATLOOP1
000028	968A	BCF LATB,3,ACCESS
00002A	848A	BSF LATB,2,ACCESS
00002C	0E01	MOVLW 1
00002E	6F0D	MOVWF DISPLAY,BANKED
000030	EE17 F0D6	LFSR 1,SYSSTRINGPARAM1
000034	0EB6	MOVLW LOW STRINGTABLE5
000036	6EF6	MOVWF TBLPTRL,ACCESS
000038	0E07	MOVLW HIGH STRINGTABLE5
00003A	6EF7	MOVWF TBLPTRH,ACCESS
00003C	DB95	RCALL SYSREADSTRING
00003E	0ED6	MOVLW LOW SYSSTRINGPARAM1
000040	6F1C	MOVWF SYSPRINTDATAHANDLER,BANKED
000042	0E07	MOVLW HIGH SYSSTRINGPARAM1
000044	6F1D	MOVWF SYSPRINTDATAHANDLER_H,BANKED
000046	DB2F	RCALL HSERPRINT125
000048	0E0A	MOVLW 10
00004A	6F17	MOVWF SERDATA,BANKED
00004C	DB4D	RCALL HSERSEND
00004E	DA9C	RCALL GLCDCLEAR
000050	0EF4	MOVLW 244
000052	6E02	MOVWF SYSWAITTEMPMS,ACCESS
000054	0E01	MOVLW 1
000056	6E03	MOVWF SYSWAITTEMPMS_H,ACCESS
000058	DA4C	RCALL DELAY_MS
00005A	868A	BSF LATB,3,ACCESS
00005C	948A	BCF LATB,2,ACCESS
00005E	0E02	MOVLW 2
000060	6F0D	MOVWF DISPLAY,BANKED
000062	EE17 F0D6	LFSR 1,SYSSTRINGPARAM1
000066	0ECC	MOVLW LOW STRINGTABLE6
000068	6EF6	MOVWF TBLPTRL,ACCESS
00006A	0E07	MOVLW HIGH STRINGTABLE6
00006C	6EF7	MOVWF TBLPTRH,ACCESS
00006E	DB7C	RCALL SYSREADSTRING
000070	0ED6	MOVLW LOW SYSSTRINGPARAM1
000072	6F1C	MOVWF SYSPRINTDATAHANDLER,BANKED
000074	0E07	MOVLW HIGH SYSSTRINGPARAM1
000076	6F1D	MOVWF SYSPRINTDATAHANDLER_H,BANKED
000078	DB16	RCALL HSERPRINT125
00007A	0E0A	MOVLW 10
00007C	6F17	MOVWF SERDATA,BANKED
00007E	DB34	RCALL HSERSEND
000080	DA83	RCALL GLCDCLEAR
000082	0EF4	MOVLW 244
000084	6E02	MOVWF SYSWAITTEMPMS,ACCESS
000086	0E01	MOVLW 1
000088	6E03	MOVWF SYSWAITTEMPMS_H,ACCESS
00008A	DA33	RCALL DELAY_MS
00008C	968A	BCF LATB,3,ACCESS
00008E	848A	BSF LATB,2,ACCESS
000090	0E01	MOVLW 1
000092	6F0D	MOVWF DISPLAY,BANKED
000094	EE17 F0D6	LFSR 1,SYSSTRINGPARAM1
000098	0EB6	MOVLW LOW STRINGTABLE5
00009A	6EF6	MOVWF TBLPTRL,ACCESS
00009C	0E07	MOVLW HIGH STRINGTABLE5
00009E	6EF7	MOVWF TBLPTRH,ACCESS
0000A0	DB63	RCALL SYSREADSTRING
0000A2	0ED6	MOVLW LOW SYSSTRINGPARAM1
0000A4	6F1C	MOVWF SYSPRINTDATAHANDLER,BANKED
0000A6	0E07	MOVLW HIGH SYSSTRINGPARAM1
0000A8	6F1D	MOVWF SYSPRINTDATAHANDLER_H,BANKED
0000AA	DAFD	RCALL HSERPRINT125
0000AC	0E0A	MOVLW 10
0000AE	6F17	MOVWF SERDATA,BANKED
0000B0	DB1B	RCALL HSERSEND
0000B2	DA6A	RCALL GLCDCLEAR
0000B4	DA76	RCALL GLCDDRAWFRAME
0000B6	0E01	MOVLW 1
0000B8	6F14	MOVWF GLCDP_X,BANKED
0000BA	0E01	MOVLW 1
0000BC	6F15	MOVWF GLCDP_Y,BANKED
0000BE	DAAE	RCALL GLCDGOTOXY
0000C0	EE17 F0D6	LFSR 1,SYSSTRINGPARAM1
0000C4	0E92	MOVLW LOW STRINGTABLE1
0000C6	6EF6	MOVWF TBLPTRL,ACCESS
0000C8	0E07	MOVLW HIGH STRINGTABLE1
0000CA	6EF7	MOVWF TBLPTRH,ACCESS
0000CC	DB4D	RCALL SYSREADSTRING
0000CE	0ED6	MOVLW LOW SYSSTRINGPARAM1
0000D0	6F1A	MOVWF SYSGLCDSTRDATHANDLER,BANKED
0000D2	0E07	MOVLW HIGH SYSSTRINGPARAM1
0000D4	6F1B	MOVWF SYSGLCDSTRDATHANDLER_H,BANKED
0000D6	DAAC	RCALL GLCDPRINT9
0000D8	0EF4	MOVLW 244
0000DA	6E02	MOVWF SYSWAITTEMPMS,ACCESS
0000DC	0E01	MOVLW 1
0000DE	6E03	MOVWF SYSWAITTEMPMS_H,ACCESS
0000E0	DA08	RCALL DELAY_MS
0000E2	868A	BSF LATB,3,ACCESS
0000E4	948A	BCF LATB,2,ACCESS
0000E6	0E02	MOVLW 2
0000E8	6F0D	MOVWF DISPLAY,BANKED
0000EA	EE17 F0D6	LFSR 1,SYSSTRINGPARAM1
0000EE	0ECC	MOVLW LOW STRINGTABLE6
0000F0	6EF6	MOVWF TBLPTRL,ACCESS
0000F2	0E07	MOVLW HIGH STRINGTABLE6
0000F4	6EF7	MOVWF TBLPTRH,ACCESS
0000F6	DB38	RCALL SYSREADSTRING
0000F8	0ED6	MOVLW LOW SYSSTRINGPARAM1
0000FA	6F1C	MOVWF SYSPRINTDATAHANDLER,BANKED
0000FC	0E07	MOVLW HIGH SYSSTRINGPARAM1
0000FE	6F1D	MOVWF SYSPRINTDATAHANDLER_H,BANKED
000100	DAD2	RCALL HSERPRINT125
000102	0E0A	MOVLW 10
000104	6F17	MOVWF SERDATA,BANKED
000106	DAF0	RCALL HSERSEND
000108	DA3F	RCALL GLCDCLEAR
00010A	DA4B	RCALL GLCDDRAWFRAME
00010C	DA4A	RCALL GLCDDRAWFRAME
00010E	0E01	MOVLW 1
000110	6F14	MOVWF GLCDP_X,BANKED
000112	0E01	MOVLW 1
000114	6F15	MOVWF GLCDP_Y,BANKED
000116	DA82	RCALL GLCDGOTOXY
000118	EE17 F0D6	LFSR 1,SYSSTRINGPARAM1
00011C	0EA0	MOVLW LOW STRINGTABLE2
00011E	6EF6	MOVWF TBLPTRL,ACCESS
000120	0E07	MOVLW HIGH STRINGTABLE2
000122	6EF7	MOVWF TBLPTRH,ACCESS
000124	DB21	RCALL SYSREADSTRING
000126	0ED6	MOVLW LOW SYSSTRINGPARAM1
000128	6F1A	MOVWF SYSGLCDSTRDATHANDLER,BANKED
00012A	0E07	MOVLW HIGH SYSSTRINGPARAM1
00012C	6F1B	MOVWF SYSGLCDSTRDATHANDLER_H,BANKED
00012E	DA80	RCALL GLCDPRINT9
000130	0EF4	MOVLW 244
000132	6E02	MOVWF SYSWAITTEMPMS,ACCESS
000134	0E01	MOVLW 1
000136	6E03	MOVWF SYSWAITTEMPMS_H,ACCESS
000138	D9DC	RCALL DELAY_MS
00013A	2F1E	DECFSZ SYSREPEATTEMP1,F,BANKED
00013C	D775	BRA SYSREPEATLOOP1
		SYSREPEATLOOPEND1
00013E	0E01	MOVLW 1
000140	6E04	MOVWF SYSWAITTEMPS,ACCESS
000142	D9E5	RCALL DELAY_S
000144	6B09	CLRF CC_X,BANKED
000146	6B0B	CLRF C_X,BANKED
000148	6B0C	CLRF C_Y,BANKED
00014A	6B0E	CLRF D_X,BANKED
00014C	6B0F	CLRF D_Y,BANKED
		SYSDOLOOP_S1
00014E	808A	BSF LATB,0,ACCESS
000150	D80D	RCALL ANIMATE
000152	0EC8	MOVLW 200
000154	6E02	MOVWF SYSWAITTEMPMS,ACCESS
000156	6A03	CLRF SYSWAITTEMPMS_H,ACCESS
000158	D9CC	RCALL DELAY_MS
00015A	908A	BCF LATB,0,ACCESS
00015C	D807	RCALL ANIMATE
00015E	0EC8	MOVLW 200
000160	6E02	MOVWF SYSWAITTEMPMS,ACCESS
000162	6A03	CLRF SYSWAITTEMPMS_H,ACCESS
000164	D9C6	RCALL DELAY_MS
000166	D7F3	BRA SYSDOLOOP_S1
		SYSDOLOOP_E1
		BASPROGRAMEND
000168	0003	SLEEP
00016A	D7FE	BRA BASPROGRAMEND


		ANIMATE
00016C	510B	MOVF C_X,W,BANKED
00016E	084E	SUBLW 78
000170	B0D8	BTFSC STATUS, C,ACCESS
000172	D017	BRA ELSE1_1
000174	050D	DECF DISPLAY,W,BANKED
000176	A4D8	BTFSS STATUS, Z,ACCESS
000178	D013	BRA ENDIF9
00017A	868A	BSF LATB,3,ACCESS
00017C	948A	BCF LATB,2,ACCESS
00017E	0E02	MOVLW 2
000180	6F0D	MOVWF DISPLAY,BANKED
000182	EE17 F0D6	LFSR 1,SYSSTRINGPARAM1
000186	0ECC	MOVLW LOW STRINGTABLE6
000188	6EF6	MOVWF TBLPTRL,ACCESS
00018A	0E07	MOVLW HIGH STRINGTABLE6
00018C	6EF7	MOVWF TBLPTRH,ACCESS
00018E	DAEC	RCALL SYSREADSTRING
000190	0ED6	MOVLW LOW SYSSTRINGPARAM1
000192	6F1C	MOVWF SYSPRINTDATAHANDLER,BANKED
000194	0E07	MOVLW HIGH SYSSTRINGPARAM1
000196	6F1D	MOVWF SYSPRINTDATAHANDLER_H,BANKED
000198	DA86	RCALL HSERPRINT125
00019A	0E0A	MOVLW 10
00019C	6F17	MOVWF SERDATA,BANKED
00019E	DAA4	RCALL HSERSEND
		ENDIF9
0001A0	D017	BRA ENDIF1
		ELSE1_1
0001A2	0E02	MOVLW 2
0001A4	5D0D	SUBWF DISPLAY,W,BANKED
0001A6	A4D8	BTFSS STATUS, Z,ACCESS
0001A8	D013	BRA ENDIF10
0001AA	968A	BCF LATB,3,ACCESS
0001AC	848A	BSF LATB,2,ACCESS
0001AE	0E01	MOVLW 1
0001B0	6F0D	MOVWF DISPLAY,BANKED
0001B2	EE17 F0D6	LFSR 1,SYSSTRINGPARAM1
0001B6	0EB6	MOVLW LOW STRINGTABLE5
0001B8	6EF6	MOVWF TBLPTRL,ACCESS
0001BA	0E07	MOVLW HIGH STRINGTABLE5
0001BC	6EF7	MOVWF TBLPTRH,ACCESS
0001BE	DAD4	RCALL SYSREADSTRING
0001C0	0ED6	MOVLW LOW SYSSTRINGPARAM1
0001C2	6F1C	MOVWF SYSPRINTDATAHANDLER,BANKED
0001C4	0E07	MOVLW HIGH SYSSTRINGPARAM1
0001C6	6F1D	MOVWF SYSPRINTDATAHANDLER_H,BANKED
0001C8	DA6E	RCALL HSERPRINT125
0001CA	0E0A	MOVLW 10
0001CC	6F17	MOVWF SERDATA,BANKED
0001CE	DA8C	RCALL HSERSEND
		ENDIF10
		ENDIF1
0001D0	C009 F014	MOVFF CC_X,GLCDP_X
0001D4	C00C F015	MOVFF C_Y,GLCDP_Y
0001D8	DA21	RCALL GLCDGOTOXY
0001DA	EE17 F0D6	LFSR 1,SYSSTRINGPARAM1
0001DE	0EAE	MOVLW LOW STRINGTABLE3
0001E0	6EF6	MOVWF TBLPTRL,ACCESS
0001E2	0E07	MOVLW HIGH STRINGTABLE3
0001E4	6EF7	MOVWF TBLPTRH,ACCESS
0001E6	DAC0	RCALL SYSREADSTRING
0001E8	0ED6	MOVLW LOW SYSSTRINGPARAM1
0001EA	6F1A	MOVWF SYSGLCDSTRDATHANDLER,BANKED
0001EC	0E07	MOVLW HIGH SYSSTRINGPARAM1
0001EE	6F1B	MOVWF SYSGLCDSTRDATHANDLER_H,BANKED
0001F0	DA1F	RCALL GLCDPRINT9
0001F2	530E	MOVF D_X,F,BANKED
0001F4	A4D8	BTFSS STATUS, Z,ACCESS
0001F6	D003	BRA ELSE2_1
0001F8	0E06	MOVLW 6
0001FA	270B	ADDWF C_X,F,BANKED
0001FC	D002	BRA ENDIF2
		ELSE2_1
0001FE	0E06	MOVLW 6
000200	5F0B	SUBWF C_X,F,BANKED
		ENDIF2
000202	530F	MOVF D_Y,F,BANKED
000204	A4D8	BTFSS STATUS, Z,ACCESS
000206	D002	BRA ELSE3_1
000208	2B0C	INCF C_Y,F,BANKED
00020A	D001	BRA ENDIF3
		ELSE3_1
00020C	070C	DECF C_Y,F,BANKED
		ENDIF3
00020E	0E05	MOVLW 5
000210	5D0C	SUBWF C_Y,W,BANKED
000212	A4D8	BTFSS STATUS, Z,ACCESS
000214	D002	BRA ENDIF4
000216	0E01	MOVLW 1
000218	6F0F	MOVWF D_Y,BANKED
		ENDIF4
00021A	530C	MOVF C_Y,F,BANKED
00021C	B4D8	BTFSC STATUS, Z,ACCESS
00021E	6B0F	CLRF D_Y,BANKED
000220	0EA2	MOVLW 162
000222	5D0B	SUBWF C_X,W,BANKED
000224	A4D8	BTFSS STATUS, Z,ACCESS
000226	D002	BRA ENDIF6
000228	0E01	MOVLW 1
00022A	6F0E	MOVWF D_X,BANKED
		ENDIF6
00022C	530B	MOVF C_X,F,BANKED
00022E	B4D8	BTFSC STATUS, Z,ACCESS
000230	6B0E	CLRF D_X,BANKED
000232	510B	MOVF C_X,W,BANKED
000234	084E	SUBLW 78
000236	B0D8	BTFSC STATUS, C,ACCESS
000238	D01A	BRA ELSE8_1
00023A	0E54	MOVLW 84
00023C	5D0B	SUBWF C_X,W,BANKED
00023E	6F09	MOVWF CC_X,BANKED
000240	050D	DECF DISPLAY,W,BANKED
000242	A4D8	BTFSS STATUS, Z,ACCESS
000244	D013	BRA ENDIF11
000246	868A	BSF LATB,3,ACCESS
000248	948A	BCF LATB,2,ACCESS
00024A	0E02	MOVLW 2
00024C	6F0D	MOVWF DISPLAY,BANKED
00024E	EE17 F0D6	LFSR 1,SYSSTRINGPARAM1
000252	0ECC	MOVLW LOW STRINGTABLE6
000254	6EF6	MOVWF TBLPTRL,ACCESS
000256	0E07	MOVLW HIGH STRINGTABLE6
000258	6EF7	MOVWF TBLPTRH,ACCESS
00025A	DA86	RCALL SYSREADSTRING
00025C	0ED6	MOVLW LOW SYSSTRINGPARAM1
00025E	6F1C	MOVWF SYSPRINTDATAHANDLER,BANKED
000260	0E07	MOVLW HIGH SYSSTRINGPARAM1
000262	6F1D	MOVWF SYSPRINTDATAHANDLER_H,BANKED
000264	DA20	RCALL HSERPRINT125
000266	0E0A	MOVLW 10
000268	6F17	MOVWF SERDATA,BANKED
00026A	DA3E	RCALL HSERSEND
		ENDIF11
00026C	D019	BRA ENDIF8
		ELSE8_1
00026E	C00B F009	MOVFF C_X,CC_X
000272	0E02	MOVLW 2
000274	5D0D	SUBWF DISPLAY,W,BANKED
000276	A4D8	BTFSS STATUS, Z,ACCESS
000278	D013	BRA ENDIF12
00027A	968A	BCF LATB,3,ACCESS
00027C	848A	BSF LATB,2,ACCESS
00027E	0E01	MOVLW 1
000280	6F0D	MOVWF DISPLAY,BANKED
000282	EE17 F0D6	LFSR 1,SYSSTRINGPARAM1
000286	0EB6	MOVLW LOW STRINGTABLE5
000288	6EF6	MOVWF TBLPTRL,ACCESS
00028A	0E07	MOVLW HIGH STRINGTABLE5
00028C	6EF7	MOVWF TBLPTRH,ACCESS
00028E	DA6C	RCALL SYSREADSTRING
000290	0ED6	MOVLW LOW SYSSTRINGPARAM1
000292	6F1C	MOVWF SYSPRINTDATAHANDLER,BANKED
000294	0E07	MOVLW HIGH SYSSTRINGPARAM1
000296	6F1D	MOVWF SYSPRINTDATAHANDLER_H,BANKED
000298	DA06	RCALL HSERPRINT125
00029A	0E0A	MOVLW 10
00029C	6F17	MOVWF SERDATA,BANKED
00029E	DA24	RCALL HSERSEND
		ENDIF12
		ENDIF8
0002A0	C009 F014	MOVFF CC_X,GLCDP_X
0002A4	C00C F015	MOVFF C_Y,GLCDP_Y
0002A8	D9B9	RCALL GLCDGOTOXY
0002AA	EE17 F0D6	LFSR 1,SYSSTRINGPARAM1
0002AE	0EB2	MOVLW LOW STRINGTABLE4
0002B0	6EF6	MOVWF TBLPTRL,ACCESS
0002B2	0E07	MOVLW HIGH STRINGTABLE4
0002B4	6EF7	MOVWF TBLPTRH,ACCESS
0002B6	DA58	RCALL SYSREADSTRING
0002B8	0ED6	MOVLW LOW SYSSTRINGPARAM1
0002BA	6F1A	MOVWF SYSGLCDSTRDATHANDLER,BANKED
0002BC	0E07	MOVLW HIGH SYSSTRINGPARAM1
0002BE	6F1B	MOVWF SYSGLCDSTRDATHANDLER_H,BANKED
0002C0	D9B7	RCALL GLCDPRINT9
0002C2	EE17 F0D6	LFSR 1,SYSSTRINGPARAM1
0002C6	0EB2	MOVLW LOW STRINGTABLE4
0002C8	6EF6	MOVWF TBLPTRL,ACCESS
0002CA	0E07	MOVLW HIGH STRINGTABLE4
0002CC	6EF7	MOVWF TBLPTRH,ACCESS
0002CE	DA4C	RCALL SYSREADSTRING
0002D0	0ED6	MOVLW LOW SYSSTRINGPARAM1
0002D2	6F1C	MOVWF SYSPRINTDATAHANDLER,BANKED
0002D4	0E07	MOVLW HIGH SYSSTRINGPARAM1
0002D6	6F1D	MOVWF SYSPRINTDATAHANDLER_H,BANKED
0002D8	D1E6	BRA HSERPRINT125


		ASCII_TABLE_H
0002DA	0EF1	MOVLW 241
0002DC	6007	CPFSLT SYSSTRINGA,ACCESS
0002DE	0C00	RETLW 0
0002E0	5007	MOVF SYSSTRINGA, W,ACCESS
0002E2	0FF4	ADDLW LOW TABLEASCII_TABLE_H
0002E4	6EF6	MOVWF TBLPTRL,ACCESS
0002E6	0E02	MOVLW HIGH TABLEASCII_TABLE_H
0002E8	B0D8	BTFSC STATUS, C,ACCESS
0002EA	0F01	ADDLW 1
0002EC	6EF7	MOVWF TBLPTRH,ACCESS
0002EE	0008	TBLRD*
0002F0	50F5	MOVF TABLAT, W,ACCESS
0002F2	0012	RETURN
		TABLEASCII_TABLE_H
0002F4	7FF0 0909 0609 413E 2151 7F5E 1909 4629 4946 4949 0131 7F01 0101 403F	RAW 7FF0,0909,0609,413E,2151,7F5E,1909,4629,4946,4949,0131,7F01,0101,403F
000310	4040 1F3F 4020 1F20 403F 4038 633F 0814 6314 0807 0870 6107 4951 4345	RAW 4040,1F3F,4020,1F20,403F,4038,633F,0814,6314,0807,0870,6107,4951,4345
00032C	7F00 4141 0200 0804 2010 4100 7F41 0400 0102 0402 4040 4040 0040 0201 0004 5420	RAW 7F00,4141,0200,0804,2010,4100,7F41,0400,0102,0402,4040,4040,0040,0201,0004,5420
00034C	5454 7F78 4448 3844 4438 4444 3820 4444 7F48 5438 5454 0818 097E	RAW 5454,7F78,4448,3844,4438,4444,3820,4444,7F48,5438,5454,0818,097E
000366	0201 520C 5252 7F3E 0408 7804 4400 407D 2000 4440 003D 107F 4428 0000	RAW 0201,520C,5252,7F3E,0408,7804,4400,407D,2000,4440,003D,107F,4428,0000
000382	7F41 0040 047C 0418 7C78 0408 7804 4438 4444 7C38 1414 0814 1408 1814	RAW 7F41,0040,047C,0418,7C78,0408,7804,4438,4444,7C38,1414,0814,1408,1814
00039E	7C7C 0408 0804 5448 5454 0420 443F 2040 403C 2040 1C7C 4020 1C20 403C	RAW 7C7C,0408,0804,5448,5454,0420,443F,2040,403C,2040,1C7C,4020,1C20,403C
0003BA	4030 443C 1028 4428 500C 5050 443C 5464 444C 0800 4136 0000 7F00 0000	RAW 4030,443C,1028,4428,500C,5050,443C,5464,444C,0800,4136,0000,7F00,0000
0003D6	4100 0836 1000 0808 0810 0600 0909 0006	RAW 4100,0836,1000,0808,0810,0600,0909,0006


		ASCII_TABLE_L
0003E6	0EF1	MOVLW 241
0003E8	6007	CPFSLT SYSSTRINGA,ACCESS
0003EA	0C00	RETLW 0
0003EC	5007	MOVF SYSSTRINGA, W,ACCESS
0003EE	0F00	ADDLW LOW TABLEASCII_TABLE_L
0003F0	6EF6	MOVWF TBLPTRL,ACCESS
0003F2	0E04	MOVLW HIGH TABLEASCII_TABLE_L
0003F4	B0D8	BTFSC STATUS, C,ACCESS
0003F6	0F01	ADDLW 1
0003F8	6EF7	MOVWF TBLPTRH,ACCESS
0003FA	0008	TBLRD*
0003FC	50F5	MOVF TABLAT, W,ACCESS
0003FE	0012	RETURN
		TABLEASCII_TABLE_L
000400	00F0 0000 0000 0000 005F 0000 0007 0007 7F14 7F14 2414 7F2A 122A 1323 6408	RAW 00F0,0000,0000,0000,005F,0000,0007,0007,7F14,7F14,2414,7F2A,122A,1323,6408
00041E	3662 5549 5022 0500 0003 0000 221C 0041 4100 1C22 1400 3E08 1408 0808 083E 0008	RAW 3662,5549,5022,0500,0003,0000,221C,0041,4100,1C22,1400,3E08,1408,0808,083E,0008
00043E	3050 0000 0808 0808 0008 6060 0000 1020 0408 3E02 4951 3E45 4200 407F 4200 5161	RAW 3050,0000,0808,0808,0008,6060,0000,1020,0408,3E02,4951,3E45,4200,407F,4200,5161
00045E	4649 4121 4B45 1831 1214 107F 4527 4545 3C39 494A 3049 7101 0509 3603	RAW 4649,4121,4B45,1831,1214,107F,4527,4545,3C39,494A,3049,7101,0509,3603
00047A	4949 3649 4906 2949 001E 3636 0000 5600 0036 0800 2214 0041 1414 1414 0014	RAW 4949,3649,4906,2949,001E,3636,0000,5600,0036,0800,2214,0041,1414,1414,0014
000498	2241 0814 0102 0951 3206 7949 3E41 117E 1111 7F7E 4949 3649 413E 4141	RAW 2241,0814,0102,0951,3206,7949,3E41,117E,1111,7F7E,4949,3649,413E,4141
0004B4	7F22 4141 1C22 497F 4949 7F41 0909 0109 413E 4949 7F7A 0808 7F08 4100	RAW 7F22,4141,1C22,497F,4949,7F41,0909,0109,413E,4949,7F7A,0808,7F08,4100
0004D0	417F 2000 4140 013F 087F 2214 7F41 4040 4040 027F 020C 7F7F 0804 7F10	RAW 417F,2000,4140,013F,087F,2214,7F41,4040,4040,027F,020C,7F7F,0804,7F10
0004EC	413E 4141 003E	RAW 413E,4141,003E


		DELAY_MS
0004F2	2A03	INCF SYSWAITTEMPMS_H, F,ACCESS
		DMS_START
0004F4	0E6C	MOVLW 108
0004F6	6E01	MOVWF DELAYTEMP2,ACCESS
		DMS_OUTER
0004F8	0E0B	MOVLW 11
0004FA	6E00	MOVWF DELAYTEMP,ACCESS
		DMS_INNER
0004FC	2E00	DECFSZ DELAYTEMP, F,ACCESS
0004FE	D7FE	BRA DMS_INNER
000500	2E01	DECFSZ DELAYTEMP2, F,ACCESS
000502	D7FA	BRA DMS_OUTER
000504	2E02	DECFSZ SYSWAITTEMPMS, F,ACCESS
000506	D7F6	BRA DMS_START
000508	2E03	DECFSZ SYSWAITTEMPMS_H, F,ACCESS
00050A	D7F4	BRA DMS_START
00050C	0012	RETURN


		DELAY_S
		DS_START
00050E	0EE8	MOVLW 232
000510	6E02	MOVWF SYSWAITTEMPMS,ACCESS
000512	0E03	MOVLW 3
000514	6E03	MOVWF SYSWAITTEMPMS_H,ACCESS
000516	DFED	RCALL DELAY_MS
000518	2E04	DECFSZ SYSWAITTEMPS, F,ACCESS
00051A	D7F9	BRA DS_START
00051C	0012	RETURN


		GLCDCHARACTER
00051E	0E50	MOVLW 80
000520	5D10	SUBWF GLCDCHAR,W,BANKED
000522	B0D8	BTFSC STATUS, C,ACCESS
000524	D017	BRA ELSE24_1
000526	0E20	MOVLW 32
000528	5D10	SUBWF GLCDCHAR,W,BANKED
00052A	6F23	MOVWF SYSTEMP1,BANKED
00052C	0D05	MULLW 5
00052E	CFF3 F010	MOVFF PRODL,GLCDCHAR
000532	0E05	MOVLW 5
000534	6F22	MOVWF SYSREPEATTEMP4,BANKED
		SYSREPEATLOOP4
000536	2B10	INCF GLCDCHAR,F,BANKED
000538	C010 F007	MOVFF GLCDCHAR,SYSSTRINGA
00053C	DF54	RCALL ASCII_TABLE_L
00053E	6F0A	MOVWF CHARLINE,BANKED
000540	0E01	MOVLW 1
000542	6F11	MOVWF GLCDCOMDAT,BANKED
000544	C00A F012	MOVFF CHARLINE,GLCDDAT
000548	D897	RCALL GLCDWRITE
00054A	C012 F00A	MOVFF GLCDDAT,CHARLINE
00054E	2F22	DECFSZ SYSREPEATTEMP4,F,BANKED
000550	D7F2	BRA SYSREPEATLOOP4
		SYSREPEATLOOPEND4
000552	D016	BRA ENDIF24
		ELSE24_1
000554	0E50	MOVLW 80
000556	5D10	SUBWF GLCDCHAR,W,BANKED
000558	6F23	MOVWF SYSTEMP1,BANKED
00055A	0D05	MULLW 5
00055C	CFF3 F010	MOVFF PRODL,GLCDCHAR
000560	0E05	MOVLW 5
000562	6F22	MOVWF SYSREPEATTEMP4,BANKED
		SYSREPEATLOOP5
000564	2B10	INCF GLCDCHAR,F,BANKED
000566	C010 F007	MOVFF GLCDCHAR,SYSSTRINGA
00056A	DEB7	RCALL ASCII_TABLE_H
00056C	6F0A	MOVWF CHARLINE,BANKED
00056E	0E01	MOVLW 1
000570	6F11	MOVWF GLCDCOMDAT,BANKED
000572	C00A F012	MOVFF CHARLINE,GLCDDAT
000576	D880	RCALL GLCDWRITE
000578	C012 F00A	MOVFF GLCDDAT,CHARLINE
00057C	2F22	DECFSZ SYSREPEATTEMP4,F,BANKED
00057E	D7F2	BRA SYSREPEATLOOP5
		SYSREPEATLOOPEND5
		ENDIF24
000580	0E01	MOVLW 1
000582	6F11	MOVWF GLCDCOMDAT,BANKED
000584	6B12	CLRF GLCDDAT,BANKED
000586	D078	BRA GLCDWRITE


		GLCDCLEAR
000588	0EF7	MOVLW 247
00058A	6F20	MOVWF SYSREPEATTEMP3,BANKED
00058C	0E02	MOVLW 2
00058E	6F21	MOVWF SYSREPEATTEMP3_H,BANKED
		SYSREPEATLOOP3
000590	0E01	MOVLW 1
000592	6F11	MOVWF GLCDCOMDAT,BANKED
000594	6B12	CLRF GLCDDAT,BANKED
000596	D870	RCALL GLCDWRITE
000598	2F20	DECFSZ SYSREPEATTEMP3,F,BANKED
00059A	D7FA	BRA SYSREPEATLOOP3
00059C	2F21	DECFSZ SYSREPEATTEMP3_H,F,BANKED
00059E	D7F8	BRA SYSREPEATLOOP3
		SYSREPEATLOOPEND3
0005A0	0012	RETURN


		GLCDDRAWFRAME
0005A2	6913	SETF GLCDINDEX,BANKED
		SYSFORLOOP2
0005A4	2B13	INCF GLCDINDEX,F,BANKED
0005A6	C013 F014	MOVFF GLCDINDEX,GLCDP_X
0005AA	6B15	CLRF GLCDP_Y,BANKED
0005AC	D837	RCALL GLCDGOTOXY
0005AE	0E01	MOVLW 1
0005B0	6F11	MOVWF GLCDCOMDAT,BANKED
0005B2	0E01	MOVLW 1
0005B4	6F12	MOVWF GLCDDAT,BANKED
0005B6	D860	RCALL GLCDWRITE
0005B8	0E53	MOVLW 83
0005BA	5D13	SUBWF GLCDINDEX,W,BANKED
0005BC	A0D8	BTFSS STATUS, C,ACCESS
0005BE	D7F2	BRA SYSFORLOOP2
		SYSFORLOOPEND2
0005C0	6913	SETF GLCDINDEX,BANKED
		SYSFORLOOP3
0005C2	2B13	INCF GLCDINDEX,F,BANKED
0005C4	C013 F014	MOVFF GLCDINDEX,GLCDP_X
0005C8	0E05	MOVLW 5
0005CA	6F15	MOVWF GLCDP_Y,BANKED
0005CC	D827	RCALL GLCDGOTOXY
0005CE	0E01	MOVLW 1
0005D0	6F11	MOVWF GLCDCOMDAT,BANKED
0005D2	0E80	MOVLW 128
0005D4	6F12	MOVWF GLCDDAT,BANKED
0005D6	D850	RCALL GLCDWRITE
0005D8	0E53	MOVLW 83
0005DA	5D13	SUBWF GLCDINDEX,W,BANKED
0005DC	A0D8	BTFSS STATUS, C,ACCESS
0005DE	D7F1	BRA SYSFORLOOP3
		SYSFORLOOPEND3
0005E0	6913	SETF GLCDINDEX,BANKED
		SYSFORLOOP4
0005E2	2B13	INCF GLCDINDEX,F,BANKED
0005E4	0E53	MOVLW 83
0005E6	6F14	MOVWF GLCDP_X,BANKED
0005E8	C013 F015	MOVFF GLCDINDEX,GLCDP_Y
0005EC	D817	RCALL GLCDGOTOXY
0005EE	0E01	MOVLW 1
0005F0	6F11	MOVWF GLCDCOMDAT,BANKED
0005F2	6912	SETF GLCDDAT,BANKED
0005F4	D841	RCALL GLCDWRITE
0005F6	0E05	MOVLW 5
0005F8	5D13	SUBWF GLCDINDEX,W,BANKED
0005FA	A0D8	BTFSS STATUS, C,ACCESS
0005FC	D7F2	BRA SYSFORLOOP4
		SYSFORLOOPEND4
0005FE	6913	SETF GLCDINDEX,BANKED
		SYSFORLOOP5
000600	2B13	INCF GLCDINDEX,F,BANKED
000602	6B14	CLRF GLCDP_X,BANKED
000604	C013 F015	MOVFF GLCDINDEX,GLCDP_Y
000608	D809	RCALL GLCDGOTOXY
00060A	0E01	MOVLW 1
00060C	6F11	MOVWF GLCDCOMDAT,BANKED
00060E	6912	SETF GLCDDAT,BANKED
000610	D833	RCALL GLCDWRITE
000612	0E05	MOVLW 5
000614	5D13	SUBWF GLCDINDEX,W,BANKED
000616	A0D8	BTFSS STATUS, C,ACCESS
000618	D7F3	BRA SYSFORLOOP5
		SYSFORLOOPEND5
00061A	0012	RETURN


		GLCDGOTOXY
00061C	6B11	CLRF GLCDCOMDAT,BANKED
00061E	0E80	MOVLW 128
000620	1114	IORWF GLCDP_X,W,BANKED
000622	6F12	MOVWF GLCDDAT,BANKED
000624	D829	RCALL GLCDWRITE
000626	6B11	CLRF GLCDCOMDAT,BANKED
000628	0E40	MOVLW 64
00062A	1115	IORWF GLCDP_Y,W,BANKED
00062C	6F12	MOVWF GLCDDAT,BANKED
00062E	D024	BRA GLCDWRITE


		GLCDPRINT9
000630	6B13	CLRF GLCDINDEX,BANKED
000632	C01A FFE9	MOVFF SYSGLCDSTRDATHANDLER,AFSR0
000636	C01B FFEA	MOVFF SYSGLCDSTRDATHANDLER_H,AFSR0_H
00063A	0E01	MOVLW 1
00063C	5CEF	SUBWF INDF0,W,ACCESS
00063E	A0D8	BTFSS STATUS, C,ACCESS
000640	D01A	BRA SYSFORLOOPEND1
		SYSFORLOOP1
000642	2B13	INCF GLCDINDEX,F,BANKED
000644	5113	MOVF GLCDINDEX,W,BANKED
000646	251A	ADDWF SYSGLCDSTRDATHANDLER,W,BANKED
000648	6EE9	MOVWF AFSR0,ACCESS
00064A	0E00	MOVLW 0
00064C	211B	ADDWFC SYSGLCDSTRDATHANDLER_H,W,BANKED
00064E	6EEA	MOVWF AFSR0_H,ACCESS
000650	CFEF F010	MOVFF INDF0,GLCDCHAR
000654	DF64	RCALL GLCDCHARACTER
000656	5113	MOVF GLCDINDEX,W,BANKED
000658	251A	ADDWF SYSGLCDSTRDATHANDLER,W,BANKED
00065A	6EE9	MOVWF AFSR0,ACCESS
00065C	0E00	MOVLW 0
00065E	211B	ADDWFC SYSGLCDSTRDATHANDLER_H,W,BANKED
000660	6EEA	MOVWF AFSR0_H,ACCESS
000662	C010 FFEF	MOVFF GLCDCHAR,INDF0
000666	C01A FFE9	MOVFF SYSGLCDSTRDATHANDLER,AFSR0
00066A	C01B FFEA	MOVFF SYSGLCDSTRDATHANDLER_H,AFSR0_H
00066E	50EF	MOVF INDF0,W,ACCESS
000670	5D13	SUBWF GLCDINDEX,W,BANKED
000672	A0D8	BTFSS STATUS, C,ACCESS
000674	D7E6	BRA SYSFORLOOP1
		SYSFORLOOPEND1
000676	0012	RETURN


		GLCDWRITE
000678	0511	DECF GLCDCOMDAT,W,BANKED
00067A	A4D8	BTFSS STATUS, Z,ACCESS
00067C	D002	BRA ELSE13_1
00067E	8C8A	BSF LATB,6,ACCESS
000680	D001	BRA ENDIF13
		ELSE13_1
000682	9C8A	BCF LATB,6,ACCESS
		ENDIF13
000684	0E08	MOVLW 8
000686	6F1F	MOVWF SYSREPEATTEMP2,BANKED
		SYSREPEATLOOP2
000688	988A	BCF LATB,4,ACCESS
00068A	AF12	BTFSS GLCDDAT,7,BANKED
00068C	D002	BRA ELSE14_1
00068E	8A8A	BSF LATB,5,ACCESS
000690	D001	BRA ENDIF14
		ELSE14_1
000692	9A8A	BCF LATB,5,ACCESS
		ENDIF14
000694	3712	RLCF GLCDDAT,F,BANKED
000696	888A	BSF LATB,4,ACCESS
000698	0000	NOP
00069A	0000	NOP
00069C	0000	NOP
00069E	0000	NOP
0006A0	2F1F	DECFSZ SYSREPEATTEMP2,F,BANKED
0006A2	D7F2	BRA SYSREPEATLOOP2
		SYSREPEATLOOPEND2
0006A4	0012	RETURN


		HSERPRINT125
0006A6	C01C FFE9	MOVFF SYSPRINTDATAHANDLER,AFSR0
0006AA	C01D FFEA	MOVFF SYSPRINTDATAHANDLER_H,AFSR0_H
0006AE	CFEF F016	MOVFF INDF0,PRINTLEN
0006B2	5316	MOVF PRINTLEN,F,BANKED
0006B4	B4D8	BTFSC STATUS, Z,ACCESS
0006B6	D017	BRA ENDIF21
0006B8	6B18	CLRF SYSPRINTTEMP,BANKED
0006BA	0E01	MOVLW 1
0006BC	5D16	SUBWF PRINTLEN,W,BANKED
0006BE	A0D8	BTFSS STATUS, C,ACCESS
0006C0	D012	BRA SYSFORLOOPEND6
		SYSFORLOOP6
0006C2	2B18	INCF SYSPRINTTEMP,F,BANKED
0006C4	5118	MOVF SYSPRINTTEMP,W,BANKED
0006C6	251C	ADDWF SYSPRINTDATAHANDLER,W,BANKED
0006C8	6EE9	MOVWF AFSR0,ACCESS
0006CA	0E00	MOVLW 0
0006CC	211D	ADDWFC SYSPRINTDATAHANDLER_H,W,BANKED
0006CE	6EEA	MOVWF AFSR0_H,ACCESS
0006D0	CFEF F017	MOVFF INDF0,SERDATA
0006D4	D809	RCALL HSERSEND
0006D6	0E0C	MOVLW 12
0006D8	6E02	MOVWF SYSWAITTEMPMS,ACCESS
0006DA	6A03	CLRF SYSWAITTEMPMS_H,ACCESS
0006DC	DF0A	RCALL DELAY_MS
0006DE	5116	MOVF PRINTLEN,W,BANKED
0006E0	5D18	SUBWF SYSPRINTTEMP,W,BANKED
0006E2	A0D8	BTFSS STATUS, C,ACCESS
0006E4	D7EE	BRA SYSFORLOOP6
		SYSFORLOOPEND6
		ENDIF21
0006E6	0012	RETURN


		HSERSEND
		SYSWAITLOOP1
0006E8	A89E	BTFSS PIR1,TXIF,ACCESS
0006EA	D7FE	BRA SYSWAITLOOP1
0006EC	C017 FFAD	MOVFF SERDATA,TXREG
0006F0	0012	RETURN


		INITGLCD
0006F2	9E8A	BCF LATB,7,ACCESS
0006F4	0E64	MOVLW 100
0006F6	6E02	MOVWF SYSWAITTEMPMS,ACCESS
0006F8	6A03	CLRF SYSWAITTEMPMS_H,ACCESS
0006FA	DEFB	RCALL DELAY_MS
0006FC	8E8A	BSF LATB,7,ACCESS
0006FE	6B11	CLRF GLCDCOMDAT,BANKED
000700	0E21	MOVLW 33
000702	6F12	MOVWF GLCDDAT,BANKED
000704	DFB9	RCALL GLCDWRITE
000706	6B11	CLRF GLCDCOMDAT,BANKED
000708	0EBF	MOVLW 191
00070A	6F12	MOVWF GLCDDAT,BANKED
00070C	DFB5	RCALL GLCDWRITE
00070E	6B11	CLRF GLCDCOMDAT,BANKED
000710	0E04	MOVLW 4
000712	6F12	MOVWF GLCDDAT,BANKED
000714	DFB1	RCALL GLCDWRITE
000716	6B11	CLRF GLCDCOMDAT,BANKED
000718	0E14	MOVLW 20
00071A	6F12	MOVWF GLCDDAT,BANKED
00071C	DFAD	RCALL GLCDWRITE
00071E	6B11	CLRF GLCDCOMDAT,BANKED
000720	0E0C	MOVLW 12
000722	6F12	MOVWF GLCDDAT,BANKED
000724	DFA9	RCALL GLCDWRITE
000726	6B11	CLRF GLCDCOMDAT,BANKED
000728	0E20	MOVLW 32
00072A	6F12	MOVWF GLCDDAT,BANKED
00072C	DFA5	RCALL GLCDWRITE
00072E	6B11	CLRF GLCDCOMDAT,BANKED
000730	0E0C	MOVLW 12
000732	6F12	MOVWF GLCDDAT,BANKED
000734	D7A1	BRA GLCDWRITE


		INITSYS
000736	6AE0	CLRF BSR,ACCESS
000738	6AF8	CLRF TBLPTRU,ACCESS
00073A	9EC0	BCF ADCON2,ADFM,ACCESS
00073C	90C2	BCF ADCON0,ADON,ACCESS
00073E	86C1	BSF ADCON1,PCFG3,ACCESS
000740	84C1	BSF ADCON1,PCFG2,ACCESS
000742	82C1	BSF ADCON1,PCFG1,ACCESS
000744	80C1	BSF ADCON1,PCFG0,ACCESS
000746	0E07	MOVLW 7
000748	6EB4	MOVWF CMCON,ACCESS
00074A	6A80	CLRF PORTA,ACCESS
00074C	6A81	CLRF PORTB,ACCESS
00074E	6A82	CLRF PORTC,ACCESS
000750	6A84	CLRF PORTE,ACCESS
000752	0012	RETURN


		INITUSART
000754	0E21	MOVLW 33
000756	6EAF	MOVWF SPBRG,ACCESS
000758	6AB0	CLRF SPBRGH,ACCESS
00075A	86B8	BSF BAUDCON,BRG16,ACCESS
00075C	84AC	BSF TXSTA,BRGH,ACCESS
00075E	98AC	BCF TXSTA,SYNC,ACCESS
000760	8EAB	BSF RCSTA,SPEN,ACCESS
000762	88AB	BSF RCSTA,CREN,ACCESS
000764	8AAC	BSF TXSTA,TXEN,ACCESS
000766	0012	RETURN


		SYSREADSTRING
000768	0009	TBLRD*+
00076A	CFF5 F005	MOVFF TABLAT,SYSCALCTEMPA
00076E	CFF5 FFE7	MOVFF TABLAT,INDF1
000772	0009	TBLRD*+
000774	D005	BRA SYSSTRINGREADCHECK
		SYSREADSTRINGPART
000776	0009	TBLRD*+
000778	50F5	MOVF TABLAT, W,ACCESS
00077A	6E05	MOVWF SYSCALCTEMPA,ACCESS
00077C	2606	ADDWF SYSSTRINGLENGTH,F,ACCESS
00077E	0009	TBLRD*+
		SYSSTRINGREADCHECK
000780	5205	MOVF SYSCALCTEMPA,F,ACCESS
000782	B4D8	BTFSC STATUS,Z,ACCESS
000784	0012	RETURN
		SYSSTRINGREAD
000786	0009	TBLRD*+
000788	CFF5 FFE4	MOVFF TABLAT,PREINC1
00078C	2E05	DECFSZ SYSCALCTEMPA, F,ACCESS
00078E	D7FB	BRA SYSSTRINGREAD
000790	0012	RETURN


		SYSSTRINGTABLES

		STRINGTABLE1
000792	0B0B 2020 6944 7073 616C 2D79 0031	RAW 0B0B,2020,6944,7073,616C,2D79,0031


		STRINGTABLE2
0007A0	0B0B 2020 6944 7073 616C 2D79 0032	RAW 0B0B,2020,6944,7073,616C,2D79,0032


		STRINGTABLE3
0007AE	0101 0020	RAW 0101,0020


		STRINGTABLE4
0007B2	0101 002A	RAW 0101,002A


		STRINGTABLE5
0007B6	1313 7250 6E69 6974 676E 4420 7369 6C70 7961 203A 0031	RAW 1313,7250,6E69,6974,676E,4420,7369,6C70,7961,203A,0031


		STRINGTABLE6
0007CC	1313 7250 6E69 6974 676E 4420 7369 6C70 7961 203A 0032	RAW 1313,7250,6E69,6974,676E,4420,7369,6C70,7961,203A,0032



